Mplus VERSION 8.11 (Mac)
MUTHEN & MUTHEN
06/08/2024   1:59 PM

INPUT INSTRUCTIONS

  TITLE:
  STEP 1 - THREE-STEP USING LSAL
  DATA:
  FILE = "/Users/nathanalexander/Dropbox/Projects/immerse/reims/manual/
  Step1.dat";
  VARIABLE:
  NAMES = m1 m2 m3 m4 dislike pursue boys female age;
   MISSING=.;
   categorical = m1-pursue;
      usevar = m1-pursue;
      classes = c(3);

      auxiliary = ! list all potential covariates and distals here

      female  ! covariate
  ANALYSIS:
  estimator = mlr;
      type = mixture;
      starts = 500 100;
  OUTPUT:
  residual tech11 tech14
  SAVEDATA:
  File=3step_savedata.dat;
      Save=cprob;
  PLOT:
  type = plot3;
      series = m1-pursue(*);



INPUT READING TERMINATED NORMALLY




STEP 1 - THREE-STEP USING LSAL

SUMMARY OF ANALYSIS

Number of groups                                                 1
Number of observations                                         103

Number of dependent variables                                    6
Number of independent variables                                  0
Number of continuous latent variables                            0
Number of categorical latent variables                           1

Observed dependent variables

  Binary and ordered categorical (ordinal)
   M1          M2          M3          M4          DISLIKE     PURSUE

Observed auxiliary variables
   FEMALE

Categorical latent variables
   C


Estimator                                                      MLR
Information matrix                                        OBSERVED
Optimization Specifications for the Quasi-Newton Algorithm for
Continuous Outcomes
  Maximum number of iterations                                 100
  Convergence criterion                                  0.100D-05
Optimization Specifications for the EM Algorithm
  Maximum number of iterations                                 500
  Convergence criteria
    Loglikelihood change                                 0.100D-06
    Relative loglikelihood change                        0.100D-06
    Derivative                                           0.100D-05
Optimization Specifications for the M step of the EM Algorithm for
Categorical Latent variables
  Number of M step iterations                                    1
  M step convergence criterion                           0.100D-05
  Basis for M step termination                           ITERATION
Optimization Specifications for the M step of the EM Algorithm for
Censored, Binary or Ordered Categorical (Ordinal), Unordered
Categorical (Nominal) and Count Outcomes
  Number of M step iterations                                    1
  M step convergence criterion                           0.100D-05
  Basis for M step termination                           ITERATION
  Maximum value for logit thresholds                            15
  Minimum value for logit thresholds                           -15
  Minimum expected cell size for chi-square              0.100D-01
Maximum number of iterations for H1                           2000
Convergence criterion for H1                             0.100D-03
Optimization algorithm                                         EMA
Random Starts Specifications
  Number of initial stage random starts                        500
  Number of final stage optimizations                          100
  Number of initial stage iterations                            10
  Initial stage convergence criterion                    0.100D+01
  Random starts scale                                    0.500D+01
  Random seed for generating random starts                       0
Link                                                         LOGIT

Input data file(s)
  /Users/nathanalexander/Dropbox/Projects/immerse/reims/manual/Step1.dat
Input data format  FREE


SUMMARY OF DATA

     Number of missing data patterns             1
     Number of y missing data patterns           0
     Number of u missing data patterns           1


COVARIANCE COVERAGE OF DATA

Minimum covariance coverage value   0.100


UNIVARIATE PROPORTIONS AND COUNTS FOR CATEGORICAL VARIABLES

    M1
      Category 1    0.408           42.000
      Category 2    0.592           61.000
    M2
      Category 1    0.437           45.000
      Category 2    0.563           58.000
    M3
      Category 1    0.485           50.000
      Category 2    0.515           53.000
    M4
      Category 1    0.485           50.000
      Category 2    0.515           53.000
    DISLIKE
      Category 1    0.748           77.000
      Category 2    0.252           26.000
    PURSUE
      Category 1    0.447           46.000
      Category 2    0.553           57.000


RANDOM STARTS RESULTS RANKED FROM THE BEST TO THE WORST LOGLIKELIHOOD VALUES

Final stage loglikelihood values at local maxima, seeds, and initial stage start numbers:

            -288.381  846194           93
            -288.381  614535           449
            -288.381  345726           461
            -288.381  862607           468
            -288.381  50887            389
            -288.381  408713           450
            -288.381  178475           231
            -288.381  960438           116
            -288.381  392751           480
            -288.381  23012            352
            -288.381  193847           354
            -288.381  268896           124
            -288.381  182524           373
            -288.381  978781           497
            -288.381  82357            339
            -288.381  654136           167
            -288.381  608460           244
            -288.381  61587            400
            -288.381  349360           464
            -288.381  849670           347
            -288.381  923437           398
            -288.381  238906           430
            -288.381  824126           287
            -288.381  752769           253
            -288.381  580405           286
            -288.381  605161           409
            -288.381  432148           30
            -288.381  440841           118
            -288.381  464179           106
            -288.381  374219           353
            -288.381  545140           278
            -288.381  569833           85
            -288.381  21132            351
            -288.381  636396           168
            -288.381  76974            16
            -288.381  957392           79
            -288.381  514326           325
            -288.381  746978           410
            -288.381  391949           295
            -288.381  642909           251
            -288.381  407108           366
            -288.381  937225           394
            -288.381  173191           422
            -288.381  726035           191
            -288.381  458181           189
            -288.381  850545           357
            -288.381  311214           64
            -288.381  679832           302
            -288.381  443917           60
            -288.381  479273           156
            -288.381  618760           489
            -288.381  418686           338
            -288.381  25127            107
            -288.381  913639           162
            -288.381  761633           50
            -289.510  173440           328
            -289.510  748692           204
            -289.510  829540           324
            -289.510  217744           326
            -289.510  618000           190
            -289.510  263221           447
            -289.510  608496           4
            -289.510  860772           174
            -289.510  576726           280
            -289.510  210870           383
            -289.510  414828           322
            -289.510  422103           62
            -289.510  533738           11
            -289.510  926283           269
            -289.510  188640           451
            -289.510  736574           414
            -289.510  392418           28
            -289.510  313407           132
            -289.510  232559           136
            -289.510  359578           458
            -289.510  481835           57
            -289.510  971853           402
            -289.510  987090           70
            -289.510  751153           110
            -289.510  597614           284
            -289.510  438144           271
            -289.510  652266           490
            -289.510  567165           319
            -289.510  366533           484
            -289.510  349562           359

15 perturbed starting value run(s) did not converge or were rejected in the third stage.



THE BEST LOGLIKELIHOOD VALUE HAS BEEN REPLICATED.  RERUN WITH AT LEAST TWICE THE
RANDOM STARTS TO CHECK THAT THE BEST LOGLIKELIHOOD IS STILL OBTAINED AND REPLICATED.

     IN THE OPTIMIZATION, ONE OR MORE LOGIT THRESHOLDS APPROACHED EXTREME VALUES
     OF -15.000 AND 15.000 AND WERE FIXED TO STABILIZE MODEL ESTIMATION.  THESE
     VALUES IMPLY PROBABILITIES OF 0 AND 1.  IN THE MODEL RESULTS SECTION, THESE
     PARAMETERS HAVE 0 STANDARD ERRORS AND 999 IN THE Z-SCORE AND P-VALUE COLUMNS.




THE MODEL ESTIMATION TERMINATED NORMALLY



MODEL FIT INFORMATION

Number of Free Parameters                       20

Loglikelihood

          H0 Value                        -288.381
          H0 Scaling Correction Factor      1.0027
            for MLR

Information Criteria

          Akaike (AIC)                     616.763
          Bayesian (BIC)                   669.458
          Sample-Size Adjusted BIC         606.281
            (n* = (n + 2) / 24)

Chi-Square Test of Model Fit for the Binary and Ordered Categorical
(Ordinal) Outcomes

          Pearson Chi-Square

          Value                             25.733
          Degrees of Freedom                    43
          P-Value                           0.9829

          Likelihood Ratio Chi-Square

          Value                             24.302
          Degrees of Freedom                    43
          P-Value                           0.9904



FINAL CLASS COUNTS AND PROPORTIONS FOR THE LATENT CLASSES
BASED ON THE ESTIMATED MODEL

    Latent
   Classes

       1         41.79809          0.40581
       2          8.22050          0.07981
       3         52.98141          0.51438


FINAL CLASS COUNTS AND PROPORTIONS FOR THE LATENT CLASSES
BASED ON ESTIMATED POSTERIOR PROBABILITIES

    Latent
   Classes

       1         41.79809          0.40581
       2          8.22050          0.07981
       3         52.98141          0.51438


FINAL CLASS COUNTS AND PROPORTIONS FOR THE LATENT CLASSES
BASED ON THEIR MOST LIKELY LATENT CLASS MEMBERSHIP

Class Counts and Proportions

    Latent
   Classes

       1               41          0.39806
       2                9          0.08738
       3               53          0.51456


CLASSIFICATION QUALITY

     Entropy                         0.953


Average Latent Class Probabilities for Most Likely Latent Class Membership (Row)
by Latent Class (Column)

           1        2        3

    1   0.999    0.000    0.001
    2   0.091    0.868    0.041
    3   0.001    0.008    0.992


Classification Probabilities for the Most Likely Latent Class Membership (Column)
by Latent Class (Row)

           1        2        3

    1   0.979    0.020    0.001
    2   0.000    0.951    0.049
    3   0.001    0.007    0.992


Logits for the Classification Probabilities for the Most Likely Latent Class Membership (Column)
by Latent Class (Row)

              1        2        3

    1      6.856    2.940    0.000
    2    -10.808    2.957    0.000
    3     -6.773   -4.954    0.000


MODEL RESULTS

                                                    Two-Tailed
                    Estimate       S.E.  Est./S.E.    P-Value

Latent Class 1

 Thresholds
    M1$1               3.078      1.009      3.050      0.002
    M2$1               2.242      0.535      4.188      0.000
    M3$1               2.534      0.607      4.174      0.000
    M4$1               2.535      0.599      4.232      0.000
    DISLIKE$1         -0.103      0.315     -0.327      0.743
    PURSUE$1           0.765      0.335      2.282      0.023

Latent Class 2

 Thresholds
    M1$1             -15.000      0.000    999.000    999.000
    M2$1               1.973      1.967      1.003      0.316
    M3$1               0.983      0.896      1.098      0.272
    M4$1               1.875      1.128      1.663      0.096
    DISLIKE$1         15.000      0.000    999.000    999.000
    PURSUE$1          -0.728      0.863     -0.844      0.399

Latent Class 3

 Thresholds
    M1$1              -3.217      0.728     -4.419      0.000
    M2$1             -15.000      0.000    999.000    999.000
    M3$1              -2.198      0.488     -4.509      0.000
    M4$1              -2.467      0.612     -4.030      0.000
    DISLIKE$1          2.499      0.522      4.791      0.000
    PURSUE$1          -0.948      0.310     -3.060      0.002

Categorical Latent Variables

 Means
    C#1               -0.237      0.212     -1.118      0.263
    C#2               -1.863      0.458     -4.072      0.000


QUALITY OF NUMERICAL RESULTS

     Condition Number for the Information Matrix              0.102E-01
       (ratio of smallest to largest eigenvalue)


RESULTS IN PROBABILITY SCALE

                                                    Two-Tailed
                    Estimate       S.E.  Est./S.E.    P-Value

Latent Class 1

 M1
    Category 1         0.956      0.042     22.503      0.000
    Category 2         0.044      0.042      1.036      0.300
 M2
    Category 1         0.904      0.046     19.449      0.000
    Category 2         0.096      0.046      2.067      0.039
 M3
    Category 1         0.926      0.041     22.403      0.000
    Category 2         0.074      0.041      1.778      0.075
 M4
    Category 1         0.927      0.041     22.735      0.000
    Category 2         0.073      0.041      1.801      0.072
 DISLIKE
    Category 1         0.474      0.079      6.029      0.000
    Category 2         0.526      0.079      6.685      0.000
 PURSUE
    Category 1         0.683      0.073      9.389      0.000
    Category 2         0.317      0.073      4.368      0.000

Latent Class 2

 M1
    Category 1         0.000      0.000      0.000      1.000
    Category 2         1.000      0.000      0.000      1.000
 M2
    Category 1         0.878      0.211      4.163      0.000
    Category 2         0.122      0.211      0.579      0.563
 M3
    Category 1         0.728      0.177      4.101      0.000
    Category 2         0.272      0.177      1.534      0.125
 M4
    Category 1         0.867      0.130      6.671      0.000
    Category 2         0.133      0.130      1.023      0.307
 DISLIKE
    Category 1         1.000      0.000      0.000      1.000
    Category 2         0.000      0.000      0.000      1.000
 PURSUE
    Category 1         0.326      0.189      1.719      0.086
    Category 2         0.674      0.189      3.560      0.000

Latent Class 3

 M1
    Category 1         0.039      0.027      1.429      0.153
    Category 2         0.961      0.027     35.638      0.000
 M2
    Category 1         0.000      0.000      0.000      1.000
    Category 2         1.000      0.000      0.000      1.000
 M3
    Category 1         0.100      0.044      2.279      0.023
    Category 2         0.900      0.044     20.534      0.000
 M4
    Category 1         0.078      0.044      1.772      0.076
    Category 2         0.922      0.044     20.891      0.000
 DISLIKE
    Category 1         0.924      0.037     25.250      0.000
    Category 2         0.076      0.037      2.075      0.038
 PURSUE
    Category 1         0.279      0.062      4.478      0.000
    Category 2         0.721      0.062     11.558      0.000


LATENT CLASS INDICATOR ODDS RATIOS FOR THE LATENT CLASSES

                                                95% C.I.
                    Estimate       S.E.  Lower 2.5% Upper 2.5%

Latent Class 1 Compared to Latent Class 2

 M1
    Category > 1       0.000      0.000      0.000      0.000
 M2
    Category > 1       0.764      1.563      0.014     42.105
 M3
    Category > 1       0.212      0.234      0.024      1.839
 M4
    Category > 1       0.517      0.669      0.041      6.522
 DISLIKE
    Category > 1   *********      0.000  *********  *********
 PURSUE
    Category > 1       0.225      0.212      0.035      1.427

Latent Class 1 Compared to Latent Class 3

 M1
    Category > 1       0.002      0.002      0.000      0.021
 M2
    Category > 1       0.000      0.000      0.000      0.000
 M3
    Category > 1       0.009      0.007      0.002      0.040
 M4
    Category > 1       0.007      0.006      0.001      0.036
 DISLIKE
    Category > 1      13.492      8.232      4.081     44.612
 PURSUE
    Category > 1       0.180      0.082      0.074      0.441

Latent Class 2 Compared to Latent Class 3

 M1
    Category > 1   *********      0.000  *********  *********
 M2
    Category > 1       0.000      0.000      0.000      0.000
 M3
    Category > 1       0.042      0.042      0.006      0.302
 M4
    Category > 1       0.013      0.017      0.001      0.167
 DISLIKE
    Category > 1       0.000      0.000      0.000      0.000
 PURSUE
    Category > 1       0.803      0.743      0.131      4.927


RESIDUAL OUTPUT


     RESIDUAL OUTPUT IS NOT AVAILABLE FOR THIS MODEL.  ADDITIONAL OUTPUT FOR
     CATEGORICAL, COUNT, AND NOMINAL VARIABLES MAY BE AVAILABLE USING TECH10.


TECHNICAL 11 OUTPUT

     Random Starts Specifications for the k-1 Class Analysis Model
        Number of initial stage random starts                 500
        Number of final stage optimizations                   100



     VUONG-LO-MENDELL-RUBIN LIKELIHOOD RATIO TEST FOR 2 (H0) VERSUS 3 CLASSES

          H0 Loglikelihood Value                         -294.074
          2 Times the Loglikelihood Difference             11.385
          Difference in the Number of Parameters                7
          Mean                                              5.350
          Standard Deviation                                4.607
          P-Value                                          0.0932

     LO-MENDELL-RUBIN ADJUSTED LRT TEST

          Value                                            11.045
          P-Value                                          0.1020


TECHNICAL 14 OUTPUT

     Random Starts Specifications for the k-1 Class Analysis Model
        Number of initial stage random starts                 500
        Number of final stage optimizations                   100

     Random Starts Specification for the k-1 Class Model for Generated Data
        Number of initial stage random starts                   0
        Number of final stage optimizations for the
           initial stage random starts                          0
     Random Starts Specification for the k Class Model for Generated Data
        Number of initial stage random starts                  40
        Number of final stage optimizations                     8
     Number of bootstrap draws requested                   Varies


     PARAMETRIC BOOTSTRAPPED LIKELIHOOD RATIO TEST FOR 2 (H0) VERSUS 3 CLASSES

          H0 Loglikelihood Value                         -294.074
          2 Times the Loglikelihood Difference             11.385
          Difference in the Number of Parameters                7
          Approximate P-Value                              0.1818
          Successful Bootstrap Draws                           33


PLOT INFORMATION

The following plots are available:

  Histograms (sample values)
  Scatterplots (sample values)
  Sample proportions and estimated probabilities

SAVEDATA INFORMATION


  Save file
    3step_savedata.dat

  Order and format of variables

    M1             F10.3
    M2             F10.3
    M3             F10.3
    M4             F10.3
    DISLIKE        F10.3
    PURSUE         F10.3
    FEMALE         F10.3
    CPROB1         F10.3
    CPROB2         F10.3
    CPROB3         F10.3
    C              F10.3

  Save file format
    11F10.3

  Save file record length    10000

  Save missing symbol        *


     Beginning Time:  13:59:43
        Ending Time:  13:59:45
       Elapsed Time:  00:00:02



MUTHEN & MUTHEN
3463 Stoner Ave.
Los Angeles, CA  90066

Tel: (310) 391-9971
Fax: (310) 391-8971
Web: www.StatModel.com
Support: Support@StatModel.com

Copyright (c) 1998-2024 Muthen & Muthen
