Mplus VERSION 8.11 (Mac)
MUTHEN & MUTHEN
06/05/2024   3:25 PM

INPUT INSTRUCTIONS

  TITLE:
  1-Class
  DATA:
  FILE = "/Users/nathanalexander/Dropbox/Projects/immerse/reims/enum/
  reims1.dat";
  VARIABLE:
  NAMES = m1 m2 m3 m4 dislike pursue boys;
   MISSING=.;
   categorical m1-boys;
  usevar = m1-boys;
  classes = c(1);
  ANALYSIS:
  estimator = mlr;
        type = mixture;
        starts = 500 100;
  OUTPUT:
  tech11 tech14 svalues;



*** WARNING in OUTPUT command
  TECH11 option is not available for TYPE=MIXTURE with only one class.
  Request for TECH11 is ignored.
*** WARNING in OUTPUT command
  TECH14 option is not available for TYPE=MIXTURE with only one class.
  Request for TECH14 is ignored.
   2 WARNING(S) FOUND IN THE INPUT INSTRUCTIONS




1-Class

SUMMARY OF ANALYSIS

Number of groups                                                 1
Number of observations                                         103

Number of dependent variables                                    7
Number of independent variables                                  0
Number of continuous latent variables                            0
Number of categorical latent variables                           1

Observed dependent variables

  Binary and ordered categorical (ordinal)
   M1          M2          M3          M4          DISLIKE     PURSUE
   BOYS

Categorical latent variables
   C


Estimator                                                      MLR
Information matrix                                        OBSERVED
Optimization Specifications for the Quasi-Newton Algorithm for
Continuous Outcomes
  Maximum number of iterations                                 100
  Convergence criterion                                  0.100D-05
Optimization Specifications for the EM Algorithm
  Maximum number of iterations                                 500
  Convergence criteria
    Loglikelihood change                                 0.100D-06
    Relative loglikelihood change                        0.100D-06
    Derivative                                           0.100D-05
Optimization Specifications for the M step of the EM Algorithm for
Categorical Latent variables
  Number of M step iterations                                    1
  M step convergence criterion                           0.100D-05
  Basis for M step termination                           ITERATION
Optimization Specifications for the M step of the EM Algorithm for
Censored, Binary or Ordered Categorical (Ordinal), Unordered
Categorical (Nominal) and Count Outcomes
  Number of M step iterations                                    1
  M step convergence criterion                           0.100D-05
  Basis for M step termination                           ITERATION
  Maximum value for logit thresholds                            15
  Minimum value for logit thresholds                           -15
  Minimum expected cell size for chi-square              0.100D-01
Maximum number of iterations for H1                           2000
Convergence criterion for H1                             0.100D-03
Optimization algorithm                                         EMA
Random Starts Specifications
  Number of initial stage random starts                        500
  Number of final stage optimizations                          100
  Number of initial stage iterations                            10
  Initial stage convergence criterion                    0.100D+01
  Random starts scale                                    0.500D+01
  Random seed for generating random starts                       0
Link                                                         LOGIT

Input data file(s)
  /Users/nathanalexander/Dropbox/Projects/immerse/reims/enum/reims1.dat
Input data format  FREE


SUMMARY OF DATA

     Number of missing data patterns             1
     Number of y missing data patterns           0
     Number of u missing data patterns           1


COVARIANCE COVERAGE OF DATA

Minimum covariance coverage value   0.100


UNIVARIATE PROPORTIONS AND COUNTS FOR CATEGORICAL VARIABLES

    M1
      Category 1    0.408           42.000
      Category 2    0.592           61.000
    M2
      Category 1    0.437           45.000
      Category 2    0.563           58.000
    M3
      Category 1    0.485           50.000
      Category 2    0.515           53.000
    M4
      Category 1    0.485           50.000
      Category 2    0.515           53.000
    DISLIKE
      Category 1    0.748           77.000
      Category 2    0.252           26.000
    PURSUE
      Category 1    0.447           46.000
      Category 2    0.553           57.000
    BOYS
      Category 1    0.922           95.000
      Category 2    0.078            8.000


RANDOM STARTS RESULTS RANKED FROM THE BEST TO THE WORST LOGLIKELIHOOD VALUES

Final stage loglikelihood values at local maxima, seeds, and initial stage start numbers:

            -440.027  unperturbed      0
            -440.027  971853           402
            -440.027  471040           403
            -440.027  605565           404
            -440.027  596257           405
            -440.027  926797           406
            -440.027  772131           407
            -440.027  112586           494
            -440.027  55115            408
            -440.027  605161           409
            -440.027  746978           410
            -440.027  652266           490
            -440.027  85734            411
            -440.027  918558           412
            -440.027  275475           413
            -440.027  354395           486
            -440.027  736574           414
            -440.027  399508           415
            -440.027  791285           416
            -440.027  665121           417
            -440.027  298275           418
            -440.027  802682           419
            -440.027  749635           420
            -440.027  226322           478
            -440.027  484406           421
            -440.027  173191           422
            -440.027  798821           423
            -440.027  216565           474
            -440.027  505879           424
            -440.027  762461           425
            -440.027  937885           426
            -440.027  971693           470
            -440.027  699554           427
            -440.027  584397           428
            -440.027  153394           429
            -440.027  238906           430
            -440.027  853195           431
            -440.027  518828           432
            -440.027  783102           433
            -440.027  68850            462
            -440.027  640833           434
            -440.027  283492           435
            -440.027  399380           436
            -440.027  359578           458
            -440.027  317640           437
            -440.027  375590           438
            -440.027  631413           439
            -440.027  263049           454
            -440.027  193569           440
            -440.027  741484           441
            -440.027  404510           442
            -440.027  217130           443
            -440.027  888905           444
            -440.027  502532           445
            -440.027  508482           446
            -440.027  263221           447
            -440.027  354624           448
            -440.027  614535           449
            -440.027  408713           450
            -440.027  188640           451
            -440.027  582296           452
            -440.027  879211           453
            -440.027  224950           455
            -440.027  922596           456
            -440.027  769907           457
            -440.027  539751           459
            -440.027  662718           460
            -440.027  345726           461
            -440.027  965639           463
            -440.027  349360           464
            -440.027  320494           465
            -440.027  898745           466
            -440.027  416463           467
            -440.027  862607           468
            -440.027  790059           469
            -440.027  315029           471
            -440.027  69413            472
            -440.027  376411           473
            -440.027  988761           475
            -440.027  714455           476
            -440.027  802256           477
            -440.027  823392           479
            -440.027  392751           480
            -440.027  863691           481
            -440.027  787985           482
            -440.027  53621            483
            -440.027  366533           484
            -440.027  425982           485
            -440.027  252949           487
            -440.027  978061           488
            -440.027  618760           489
            -440.027  972430           491
            -440.027  922042           492
            -440.027  887580           493
            -440.027  860102           495
            -440.027  335485           496
            -440.027  978781           497
            -440.027  485483           498
            -440.027  319575           499
            -440.027  140442           500



THE MODEL ESTIMATION TERMINATED NORMALLY



MODEL FIT INFORMATION

Number of Free Parameters                        7

Loglikelihood

          H0 Value                        -440.027
          H0 Scaling Correction Factor      1.0000
            for MLR

Information Criteria

          Akaike (AIC)                     894.053
          Bayesian (BIC)                   912.496
          Sample-Size Adjusted BIC         890.385
            (n* = (n + 2) / 24)

Chi-Square Test of Model Fit for the Binary and Ordered Categorical
(Ordinal) Outcomes

          Pearson Chi-Square

          Value                            626.074
          Degrees of Freedom                   120
          P-Value                           0.0000

          Likelihood Ratio Chi-Square

          Value                            287.038
          Degrees of Freedom                   120
          P-Value                           0.0000



FINAL CLASS COUNTS AND PROPORTIONS FOR THE LATENT CLASSES
BASED ON THE ESTIMATED MODEL

    Latent
   Classes

       1        103.00000          1.00000


FINAL CLASS COUNTS AND PROPORTIONS FOR THE LATENT CLASSES
BASED ON ESTIMATED POSTERIOR PROBABILITIES

    Latent
   Classes

       1        103.00000          1.00000


FINAL CLASS COUNTS AND PROPORTIONS FOR THE LATENT CLASSES
BASED ON THEIR MOST LIKELY LATENT CLASS MEMBERSHIP

Class Counts and Proportions

    Latent
   Classes

       1              103          1.00000


Average Latent Class Probabilities for Most Likely Latent Class Membership (Row)
by Latent Class (Column)

           1

    1   1.000


Classification Probabilities for the Most Likely Latent Class Membership (Column)
by Latent Class (Row)

           1

    1   1.000


Logits for the Classification Probabilities for the Most Likely Latent Class Membership (Column)
by Latent Class (Row)

              1

    1      0.000


MODEL RESULTS

                                                    Two-Tailed
                    Estimate       S.E.  Est./S.E.    P-Value

Latent Class 1

 Thresholds
    M1$1              -0.373      0.201     -1.861      0.063
    M2$1              -0.254      0.199     -1.277      0.201
    M3$1              -0.058      0.197     -0.296      0.768
    M4$1              -0.058      0.197     -0.296      0.768
    DISLIKE$1          1.086      0.227      4.787      0.000
    PURSUE$1          -0.214      0.198     -1.082      0.279
    BOYS$1             2.474      0.368      6.721      0.000


QUALITY OF NUMERICAL RESULTS

     Condition Number for the Information Matrix              0.605E-01
       (ratio of smallest to largest eigenvalue)


RESULTS IN PROBABILITY SCALE

                                                    Two-Tailed
                    Estimate       S.E.  Est./S.E.    P-Value

Latent Class 1

 M1
    Category 1         0.408      0.048      8.421      0.000
    Category 2         0.592      0.048     12.231      0.000
 M2
    Category 1         0.437      0.049      8.939      0.000
    Category 2         0.563      0.049     11.522      0.000
 M3
    Category 1         0.485      0.049      9.857      0.000
    Category 2         0.515      0.049     10.449      0.000
 M4
    Category 1         0.485      0.049      9.857      0.000
    Category 2         0.515      0.049     10.449      0.000
 DISLIKE
    Category 1         0.748      0.043     17.465      0.000
    Category 2         0.252      0.043      5.897      0.000
 PURSUE
    Category 1         0.447      0.049      9.117      0.000
    Category 2         0.553      0.049     11.297      0.000
 BOYS
    Category 1         0.922      0.026     34.973      0.000
    Category 2         0.078      0.026      2.945      0.003


MODEL COMMAND WITH FINAL ESTIMATES USED AS STARTING VALUES

     %OVERALL%

     %C#1%

     [ m1$1*-0.37320 ];
     [ m2$1*-0.25378 ];
     [ m3$1*-0.05827 ];
     [ m4$1*-0.05827 ];
     [ dislike$1*1.08571 ];
     [ pursue$1*-0.21441 ];
     [ boys$1*2.47444 ];



     Beginning Time:  15:25:18
        Ending Time:  15:25:19
       Elapsed Time:  00:00:01



MUTHEN & MUTHEN
3463 Stoner Ave.
Los Angeles, CA  90066

Tel: (310) 391-9971
Fax: (310) 391-8971
Web: www.StatModel.com
Support: Support@StatModel.com

Copyright (c) 1998-2024 Muthen & Muthen
