Mplus VERSION 8.11 (Mac)
MUTHEN & MUTHEN
06/04/2024   7:56 PM

INPUT INSTRUCTIONS

  TITLE:
  2-Class
  DATA:
  FILE = "/Users/nathanalexander/Dropbox/Projects/immerse/reims/enum/
  reims1.dat";
  VARIABLE:
  NAMES = m1 m2 m3 m4 dislike pursue boys;
   MISSING=.;
   categorical m1-boys;
  usevar = m1-boys;
  classes = c(2);
  ANALYSIS:
  estimator = mlr;
      type = mixture;
  OUTPUT:
  tech11 tech14 svalues;



INPUT READING TERMINATED NORMALLY




2-Class

SUMMARY OF ANALYSIS

Number of groups                                                 1
Number of observations                                         103

Number of dependent variables                                    7
Number of independent variables                                  0
Number of continuous latent variables                            0
Number of categorical latent variables                           1

Observed dependent variables

  Binary and ordered categorical (ordinal)
   M1          M2          M3          M4          DISLIKE     PURSUE
   BOYS

Categorical latent variables
   C


Estimator                                                      MLR
Information matrix                                        OBSERVED
Optimization Specifications for the Quasi-Newton Algorithm for
Continuous Outcomes
  Maximum number of iterations                                 100
  Convergence criterion                                  0.100D-05
Optimization Specifications for the EM Algorithm
  Maximum number of iterations                                 500
  Convergence criteria
    Loglikelihood change                                 0.100D-06
    Relative loglikelihood change                        0.100D-06
    Derivative                                           0.100D-05
Optimization Specifications for the M step of the EM Algorithm for
Categorical Latent variables
  Number of M step iterations                                    1
  M step convergence criterion                           0.100D-05
  Basis for M step termination                           ITERATION
Optimization Specifications for the M step of the EM Algorithm for
Censored, Binary or Ordered Categorical (Ordinal), Unordered
Categorical (Nominal) and Count Outcomes
  Number of M step iterations                                    1
  M step convergence criterion                           0.100D-05
  Basis for M step termination                           ITERATION
  Maximum value for logit thresholds                            15
  Minimum value for logit thresholds                           -15
  Minimum expected cell size for chi-square              0.100D-01
Maximum number of iterations for H1                           2000
Convergence criterion for H1                             0.100D-03
Optimization algorithm                                         EMA
Random Starts Specifications
  Number of initial stage random starts                         20
  Number of final stage optimizations                            4
  Number of initial stage iterations                            10
  Initial stage convergence criterion                    0.100D+01
  Random starts scale                                    0.500D+01
  Random seed for generating random starts                       0
Link                                                         LOGIT

Input data file(s)
  /Users/nathanalexander/Dropbox/Projects/immerse/reims/enum/reims1.dat
Input data format  FREE


SUMMARY OF DATA

     Number of missing data patterns             1
     Number of y missing data patterns           0
     Number of u missing data patterns           1


COVARIANCE COVERAGE OF DATA

Minimum covariance coverage value   0.100


UNIVARIATE PROPORTIONS AND COUNTS FOR CATEGORICAL VARIABLES

    M1
      Category 1    0.408           42.000
      Category 2    0.592           61.000
    M2
      Category 1    0.437           45.000
      Category 2    0.563           58.000
    M3
      Category 1    0.485           50.000
      Category 2    0.515           53.000
    M4
      Category 1    0.485           50.000
      Category 2    0.515           53.000
    DISLIKE
      Category 1    0.748           77.000
      Category 2    0.252           26.000
    PURSUE
      Category 1    0.447           46.000
      Category 2    0.553           57.000
    BOYS
      Category 1    0.922           95.000
      Category 2    0.078            8.000


RANDOM STARTS RESULTS RANKED FROM THE BEST TO THE WORST LOGLIKELIHOOD VALUES

Final stage loglikelihood values at local maxima, seeds, and initial stage start numbers:

            -321.237  93468            3
            -321.237  195873           6
            -321.237  253358           2
            -321.237  76974            16



THE BEST LOGLIKELIHOOD VALUE HAS BEEN REPLICATED.  RERUN WITH AT LEAST TWICE THE
RANDOM STARTS TO CHECK THAT THE BEST LOGLIKELIHOOD IS STILL OBTAINED AND REPLICATED.

     IN THE OPTIMIZATION, ONE OR MORE LOGIT THRESHOLDS APPROACHED EXTREME VALUES
     OF -15.000 AND 15.000 AND WERE FIXED TO STABILIZE MODEL ESTIMATION.  THESE
     VALUES IMPLY PROBABILITIES OF 0 AND 1.  IN THE MODEL RESULTS SECTION, THESE
     PARAMETERS HAVE 0 STANDARD ERRORS AND 999 IN THE Z-SCORE AND P-VALUE COLUMNS.




THE MODEL ESTIMATION TERMINATED NORMALLY



MODEL FIT INFORMATION

Number of Free Parameters                       15

Loglikelihood

          H0 Value                        -321.237
          H0 Scaling Correction Factor      1.0014
            for MLR

Information Criteria

          Akaike (AIC)                     672.475
          Bayesian (BIC)                   711.996
          Sample-Size Adjusted BIC         664.613
            (n* = (n + 2) / 24)

Chi-Square Test of Model Fit for the Binary and Ordered Categorical
(Ordinal) Outcomes

          Pearson Chi-Square

          Value                             68.010
          Degrees of Freedom                   112
          P-Value                           0.9997

          Likelihood Ratio Chi-Square

          Value                             49.459
          Degrees of Freedom                   112
          P-Value                           1.0000



FINAL CLASS COUNTS AND PROPORTIONS FOR THE LATENT CLASSES
BASED ON THE ESTIMATED MODEL

    Latent
   Classes

       1         53.52985          0.51971
       2         49.47015          0.48029


FINAL CLASS COUNTS AND PROPORTIONS FOR THE LATENT CLASSES
BASED ON ESTIMATED POSTERIOR PROBABILITIES

    Latent
   Classes

       1         53.52985          0.51971
       2         49.47015          0.48029


FINAL CLASS COUNTS AND PROPORTIONS FOR THE LATENT CLASSES
BASED ON THEIR MOST LIKELY LATENT CLASS MEMBERSHIP

Class Counts and Proportions

    Latent
   Classes

       1               54          0.52427
       2               49          0.47573


CLASSIFICATION QUALITY

     Entropy                         0.974


Average Latent Class Probabilities for Most Likely Latent Class Membership (Row)
by Latent Class (Column)

           1        2

    1   0.990    0.010
    2   0.001    0.999


Classification Probabilities for the Most Likely Latent Class Membership (Column)
by Latent Class (Row)

           1        2

    1   0.999    0.001
    2   0.011    0.989


Logits for the Classification Probabilities for the Most Likely Latent Class Membership (Column)
by Latent Class (Row)

              1        2

    1      6.833    0.000
    2     -4.530    0.000


MODEL RESULTS

                                                    Two-Tailed
                    Estimate       S.E.  Est./S.E.    P-Value

Latent Class 1

 Thresholds
    M1$1              -3.236      0.733     -4.418      0.000
    M2$1             -15.000      0.000    999.000    999.000
    M3$1              -2.146      0.463     -4.638      0.000
    M4$1              -2.351      0.506     -4.647      0.000
    DISLIKE$1          2.520      0.525      4.798      0.000
    PURSUE$1          -0.951      0.307     -3.103      0.002
    BOYS$1             2.070      0.434      4.772      0.000

Latent Class 2

 Thresholds
    M1$1               1.437      0.370      3.885      0.000
    M2$1               2.309      0.527      4.384      0.000
    M3$1               2.169      0.476      4.553      0.000
    M4$1               2.397      0.521      4.599      0.000
    DISLIKE$1          0.221      0.290      0.762      0.446
    PURSUE$1           0.525      0.297      1.769      0.077
    BOYS$1             3.166      0.722      4.385      0.000

Categorical Latent Variables

 Means
    C#1                0.079      0.200      0.395      0.693


QUALITY OF NUMERICAL RESULTS

     Condition Number for the Information Matrix              0.396E-01
       (ratio of smallest to largest eigenvalue)


RESULTS IN PROBABILITY SCALE

                                                    Two-Tailed
                    Estimate       S.E.  Est./S.E.    P-Value

Latent Class 1

 M1
    Category 1         0.038      0.027      1.419      0.156
    Category 2         0.962      0.027     36.091      0.000
 M2
    Category 1         0.000      0.000      0.000      1.000
    Category 2         1.000      0.000      0.000      1.000
 M3
    Category 1         0.105      0.043      2.414      0.016
    Category 2         0.895      0.043     20.642      0.000
 M4
    Category 1         0.087      0.040      2.165      0.030
    Category 2         0.913      0.040     22.719      0.000
 DISLIKE
    Category 1         0.926      0.036     25.569      0.000
    Category 2         0.074      0.036      2.057      0.040
 PURSUE
    Category 1         0.279      0.062      4.521      0.000
    Category 2         0.721      0.062     11.706      0.000
 BOYS
    Category 1         0.888      0.043     20.574      0.000
    Category 2         0.112      0.043      2.596      0.009

Latent Class 2

 M1
    Category 1         0.808      0.057     14.080      0.000
    Category 2         0.192      0.057      3.344      0.001
 M2
    Category 1         0.910      0.043     21.010      0.000
    Category 2         0.090      0.043      2.087      0.037
 M3
    Category 1         0.897      0.044     20.463      0.000
    Category 2         0.103      0.044      2.339      0.019
 M4
    Category 1         0.917      0.040     23.000      0.000
    Category 2         0.083      0.040      2.094      0.036
 DISLIKE
    Category 1         0.555      0.072      7.754      0.000
    Category 2         0.445      0.072      6.217      0.000
 PURSUE
    Category 1         0.628      0.069      9.062      0.000
    Category 2         0.372      0.069      5.359      0.000
 BOYS
    Category 1         0.960      0.028     34.222      0.000
    Category 2         0.040      0.028      1.444      0.149


LATENT CLASS INDICATOR ODDS RATIOS FOR THE LATENT CLASSES

                                                95% C.I.
                    Estimate       S.E.  Lower 2.5% Upper 2.5%

Latent Class 1 Compared to Latent Class 2

 M1
    Category > 1     107.091     88.139     21.339    537.435
 M2
    Category > 1   *********      0.000  *********  *********
 M3
    Category > 1      74.801     49.353     20.525    272.605
 M4
    Category > 1     115.276     84.230     27.528    482.733
 DISLIKE
    Category > 1       0.100      0.060      0.031      0.326
 PURSUE
    Category > 1       4.378      1.875      1.892     10.134
 BOYS
    Category > 1       2.991      2.520      0.573     15.597


MODEL COMMAND WITH FINAL ESTIMATES USED AS STARTING VALUES

     %OVERALL%

     [ c#1*0.07887 ];

     %C#1%

     [ m1$1*-3.23619 ];
     [ m2$1*-15 ];
     [ m3$1*-2.14602 ];
     [ m4$1*-2.35076 ];
     [ dislike$1*2.52007 ];
     [ pursue$1*-0.95140 ];
     [ boys$1*2.07008 ];

     %C#2%

     [ m1$1*1.43749 ];
     [ m2$1*2.30924 ];
     [ m3$1*2.16882 ];
     [ m4$1*2.39657 ];
     [ dislike$1*0.22091 ];
     [ pursue$1*0.52530 ];
     [ boys$1*3.16561 ];



TECHNICAL 11 OUTPUT

     Random Starts Specifications for the k-1 Class Analysis Model
        Number of initial stage random starts                  20
        Number of final stage optimizations                     4



     VUONG-LO-MENDELL-RUBIN LIKELIHOOD RATIO TEST FOR 1 (H0) VERSUS 2 CLASSES

          H0 Loglikelihood Value                         -440.027
          2 Times the Loglikelihood Difference            237.578
          Difference in the Number of Parameters                8
          Mean                                             -0.163
          Standard Deviation                               17.281
          P-Value                                          0.0000

     LO-MENDELL-RUBIN ADJUSTED LRT TEST

          Value                                           231.339
          P-Value                                          0.0000


TECHNICAL 14 OUTPUT

     Random Starts Specifications for the k-1 Class Analysis Model
        Number of initial stage random starts                  20
        Number of final stage optimizations                     4

     Random Starts Specification for the k-1 Class Model for Generated Data
        Number of initial stage random starts                   0
        Number of final stage optimizations for the
           initial stage random starts                          0
     Random Starts Specification for the k Class Model for Generated Data
        Number of initial stage random starts                  40
        Number of final stage optimizations                     8
     Number of bootstrap draws requested                   Varies


     PARAMETRIC BOOTSTRAPPED LIKELIHOOD RATIO TEST FOR 1 (H0) VERSUS 2 CLASSES

          H0 Loglikelihood Value                         -440.027
          2 Times the Loglikelihood Difference            237.578
          Difference in the Number of Parameters                8
          Approximate P-Value                              0.0000
          Successful Bootstrap Draws                            5


     Beginning Time:  19:56:16
        Ending Time:  19:56:16
       Elapsed Time:  00:00:00



MUTHEN & MUTHEN
3463 Stoner Ave.
Los Angeles, CA  90066

Tel: (310) 391-9971
Fax: (310) 391-8971
Web: www.StatModel.com
Support: Support@StatModel.com

Copyright (c) 1998-2024 Muthen & Muthen
