Mplus VERSION 8.11 (Mac)
MUTHEN & MUTHEN
06/05/2024  12:25 PM

INPUT INSTRUCTIONS

  TITLE:
  3-Class
  DATA:
  FILE = "/Users/nathanalexander/Dropbox/Projects/immerse/reims/enum/
  reims1.dat";
  VARIABLE:
  NAMES = m1 m2 m3 m4 dislike pursue boys;
   MISSING=.;
   categorical m1-boys;
  usevar = m1-boys;
  classes = c(3);
  ANALYSIS:
  estimator = mlr;
        type = mixture;
        starts = 500 100;
  OUTPUT:
  tech11 tech14 svalues;



INPUT READING TERMINATED NORMALLY




3-Class

SUMMARY OF ANALYSIS

Number of groups                                                 1
Number of observations                                         103

Number of dependent variables                                    7
Number of independent variables                                  0
Number of continuous latent variables                            0
Number of categorical latent variables                           1

Observed dependent variables

  Binary and ordered categorical (ordinal)
   M1          M2          M3          M4          DISLIKE     PURSUE
   BOYS

Categorical latent variables
   C


Estimator                                                      MLR
Information matrix                                        OBSERVED
Optimization Specifications for the Quasi-Newton Algorithm for
Continuous Outcomes
  Maximum number of iterations                                 100
  Convergence criterion                                  0.100D-05
Optimization Specifications for the EM Algorithm
  Maximum number of iterations                                 500
  Convergence criteria
    Loglikelihood change                                 0.100D-06
    Relative loglikelihood change                        0.100D-06
    Derivative                                           0.100D-05
Optimization Specifications for the M step of the EM Algorithm for
Categorical Latent variables
  Number of M step iterations                                    1
  M step convergence criterion                           0.100D-05
  Basis for M step termination                           ITERATION
Optimization Specifications for the M step of the EM Algorithm for
Censored, Binary or Ordered Categorical (Ordinal), Unordered
Categorical (Nominal) and Count Outcomes
  Number of M step iterations                                    1
  M step convergence criterion                           0.100D-05
  Basis for M step termination                           ITERATION
  Maximum value for logit thresholds                            15
  Minimum value for logit thresholds                           -15
  Minimum expected cell size for chi-square              0.100D-01
Maximum number of iterations for H1                           2000
Convergence criterion for H1                             0.100D-03
Optimization algorithm                                         EMA
Random Starts Specifications
  Number of initial stage random starts                        500
  Number of final stage optimizations                          100
  Number of initial stage iterations                            10
  Initial stage convergence criterion                    0.100D+01
  Random starts scale                                    0.500D+01
  Random seed for generating random starts                       0
Link                                                         LOGIT

Input data file(s)
  /Users/nathanalexander/Dropbox/Projects/immerse/reims/enum/reims1.dat
Input data format  FREE


SUMMARY OF DATA

     Number of missing data patterns             1
     Number of y missing data patterns           0
     Number of u missing data patterns           1


COVARIANCE COVERAGE OF DATA

Minimum covariance coverage value   0.100


UNIVARIATE PROPORTIONS AND COUNTS FOR CATEGORICAL VARIABLES

    M1
      Category 1    0.408           42.000
      Category 2    0.592           61.000
    M2
      Category 1    0.437           45.000
      Category 2    0.563           58.000
    M3
      Category 1    0.485           50.000
      Category 2    0.515           53.000
    M4
      Category 1    0.485           50.000
      Category 2    0.515           53.000
    DISLIKE
      Category 1    0.748           77.000
      Category 2    0.252           26.000
    PURSUE
      Category 1    0.447           46.000
      Category 2    0.553           57.000
    BOYS
      Category 1    0.922           95.000
      Category 2    0.078            8.000


RANDOM STARTS RESULTS RANKED FROM THE BEST TO THE WORST LOGLIKELIHOOD VALUES

Final stage loglikelihood values at local maxima, seeds, and initial stage start numbers:

            -314.909  804660           260
            -314.909  124999           96
            -314.909  626891           32
            -314.909  699554           427
            -314.909  762461           425
            -314.909  971853           402
            -314.909  644297           340
            -314.909  533738           11
            -314.909  411615           171
            -314.909  232226           235
            -314.909  972430           491
            -314.909  69413            472
            -314.909  57226            208
            -314.909  667250           318
            -314.909  728038           177
            -314.909  352277           42
            -314.909  238906           430
            -314.909  829540           324
            -314.909  246575           291
            -314.909  898745           466
            -314.909  631413           439
            -314.909  455617           242
            -314.909  629320           222
            -314.909  502532           445
            -314.909  784664           75
            -314.909  966014           37
            -314.909  823392           479
            -314.909  496710           386
            -314.909  131856           90
            -314.909  335485           496
            -314.909  509733           130
            -314.909  608496           4
            -314.909  152496           123
            -314.909  391179           78
            -314.909  970689           266
            -314.909  526324           178
            -314.909  105435           265
            -314.909  156536           245
            -314.909  314084           81
            -314.909  65651            214
            -314.909  783110           72
            -314.909  349562           359
            -314.909  127215           9
            -314.909  484406           421
            -314.909  178475           231
            -314.909  443442           380
            -314.909  950604           172
            -314.909  606576           151
            -314.909  85462            51
            -314.909  402224           91
            -314.909  252949           487
            -314.909  456213           160
            -314.909  314757           345
            -314.909  840078           203
            -314.909  81117            305
            -314.909  754100           56
            -316.610  273992           349
            -316.610  137377           397
            -316.610  354559           73
            -316.610  168762           200
            -316.610  407108           366
            -316.610  726035           191
            -316.610  313407           132
            -316.610  636396           168
            -316.610  170954           86
            -316.610  614009           317
            -316.610  576726           280
            -316.610  282464           283
            -316.610  340112           126
            -316.610  466971           109
            -316.610  377504           294
            -316.610  686482           215
            -316.610  436460           89
            -316.610  27071            15
            -316.610  922596           456
            -316.610  404510           442
            -316.611  210870           383
            -316.611  622860           259
            -317.212  275475           413

21 perturbed starting value run(s) did not converge or were rejected in the third stage.



THE BEST LOGLIKELIHOOD VALUE HAS BEEN REPLICATED.  RERUN WITH AT LEAST TWICE THE
RANDOM STARTS TO CHECK THAT THE BEST LOGLIKELIHOOD IS STILL OBTAINED AND REPLICATED.

     IN THE OPTIMIZATION, ONE OR MORE LOGIT THRESHOLDS APPROACHED EXTREME VALUES
     OF -15.000 AND 15.000 AND WERE FIXED TO STABILIZE MODEL ESTIMATION.  THESE
     VALUES IMPLY PROBABILITIES OF 0 AND 1.  IN THE MODEL RESULTS SECTION, THESE
     PARAMETERS HAVE 0 STANDARD ERRORS AND 999 IN THE Z-SCORE AND P-VALUE COLUMNS.




THE MODEL ESTIMATION TERMINATED NORMALLY



MODEL FIT INFORMATION

Number of Free Parameters                       23

Loglikelihood

          H0 Value                        -314.909
          H0 Scaling Correction Factor      1.0046
            for MLR

Information Criteria

          Akaike (AIC)                     675.818
          Bayesian (BIC)                   736.416
          Sample-Size Adjusted BIC         663.764
            (n* = (n + 2) / 24)

Chi-Square Test of Model Fit for the Binary and Ordered Categorical
(Ordinal) Outcomes

          Pearson Chi-Square

          Value                             42.307
          Degrees of Freedom                   104
          P-Value                           1.0000

          Likelihood Ratio Chi-Square

          Value                             36.802
          Degrees of Freedom                   104
          P-Value                           1.0000



FINAL CLASS COUNTS AND PROPORTIONS FOR THE LATENT CLASSES
BASED ON THE ESTIMATED MODEL

    Latent
   Classes

       1          8.15395          0.07916
       2         52.97395          0.51431
       3         41.87210          0.40653


FINAL CLASS COUNTS AND PROPORTIONS FOR THE LATENT CLASSES
BASED ON ESTIMATED POSTERIOR PROBABILITIES

    Latent
   Classes

       1          8.15395          0.07916
       2         52.97395          0.51431
       3         41.87210          0.40653


FINAL CLASS COUNTS AND PROPORTIONS FOR THE LATENT CLASSES
BASED ON THEIR MOST LIKELY LATENT CLASS MEMBERSHIP

Class Counts and Proportions

    Latent
   Classes

       1                9          0.08738
       2               53          0.51456
       3               41          0.39806


CLASSIFICATION QUALITY

     Entropy                         0.952


Average Latent Class Probabilities for Most Likely Latent Class Membership (Row)
by Latent Class (Column)

           1        2        3

    1   0.861    0.041    0.098
    2   0.008    0.991    0.001
    3   0.000    0.001    0.999


Classification Probabilities for the Most Likely Latent Class Membership (Column)
by Latent Class (Row)

           1        2        3

    1   0.950    0.050    0.000
    2   0.007    0.992    0.001
    3   0.021    0.001    0.978


Logits for the Classification Probabilities for the Most Likely Latent Class Membership (Column)
by Latent Class (Row)

              1        2        3

    1     13.765   10.813    0.000
    2      1.925    6.875    0.000
    3     -3.842   -6.748    0.000


MODEL RESULTS

                                                    Two-Tailed
                    Estimate       S.E.  Est./S.E.    P-Value

Latent Class 1

 Thresholds
    M1$1             -15.000      0.000    999.000    999.000
    M2$1               1.973      2.001      0.986      0.324
    M3$1               0.980      0.893      1.097      0.273
    M4$1               1.876      1.138      1.648      0.099
    DISLIKE$1         15.000      0.000    999.000    999.000
    PURSUE$1          -0.770      0.919     -0.838      0.402
    BOYS$1             1.896      1.118      1.696      0.090

Latent Class 2

 Thresholds
    M1$1              -3.220      0.729     -4.418      0.000
    M2$1             -15.000      0.000    999.000    999.000
    M3$1              -2.198      0.488     -4.504      0.000
    M4$1              -2.469      0.615     -4.013      0.000
    DISLIKE$1          2.500      0.522      4.791      0.000
    PURSUE$1          -0.948      0.310     -3.060      0.002
    BOYS$1             2.072      0.440      4.712      0.000

Latent Class 3

 Thresholds
    M1$1               3.043      1.017      2.991      0.003
    M2$1               2.240      0.534      4.191      0.000
    M3$1               2.529      0.606      4.169      0.000
    M4$1               2.534      0.599      4.231      0.000
    DISLIKE$1         -0.100      0.316     -0.316      0.752
    PURSUE$1           0.770      0.336      2.291      0.022
    BOYS$1             3.697      1.014      3.645      0.000

Categorical Latent Variables

 Means
    C#1               -1.636      0.469     -3.490      0.000
    C#2                0.235      0.212      1.108      0.268


QUALITY OF NUMERICAL RESULTS

     Condition Number for the Information Matrix              0.851E-02
       (ratio of smallest to largest eigenvalue)


RESULTS IN PROBABILITY SCALE

                                                    Two-Tailed
                    Estimate       S.E.  Est./S.E.    P-Value

Latent Class 1

 M1
    Category 1         0.000      0.000      0.000      1.000
    Category 2         1.000      0.000      0.000      1.000
 M2
    Category 1         0.878      0.215      4.092      0.000
    Category 2         0.122      0.215      0.569      0.569
 M3
    Category 1         0.727      0.177      4.102      0.000
    Category 2         0.273      0.177      1.540      0.124
 M4
    Category 1         0.867      0.131      6.610      0.000
    Category 2         0.133      0.131      1.013      0.311
 DISLIKE
    Category 1         1.000      0.000      0.000      1.000
    Category 2         0.000      0.000      0.000      1.000
 PURSUE
    Category 1         0.317      0.199      1.593      0.111
    Category 2         0.683      0.199      3.439      0.001
 BOYS
    Category 1         0.869      0.127      6.851      0.000
    Category 2         0.131      0.127      1.028      0.304

Latent Class 2

 M1
    Category 1         0.038      0.027      1.427      0.154
    Category 2         0.962      0.027     35.719      0.000
 M2
    Category 1         0.000      0.000      0.000      1.000
    Category 2         1.000      0.000      0.000      1.000
 M3
    Category 1         0.100      0.044      2.276      0.023
    Category 2         0.900      0.044     20.507      0.000
 M4
    Category 1         0.078      0.044      1.763      0.078
    Category 2         0.922      0.044     20.822      0.000
 DISLIKE
    Category 1         0.924      0.037     25.263      0.000
    Category 2         0.076      0.037      2.074      0.038
 PURSUE
    Category 1         0.279      0.062      4.481      0.000
    Category 2         0.721      0.062     11.559      0.000
 BOYS
    Category 1         0.888      0.044     20.334      0.000
    Category 2         0.112      0.044      2.560      0.010

Latent Class 3

 M1
    Category 1         0.954      0.044     21.588      0.000
    Category 2         0.046      0.044      1.030      0.303
 M2
    Category 1         0.904      0.046     19.441      0.000
    Category 2         0.096      0.046      2.071      0.038
 M3
    Category 1         0.926      0.041     22.319      0.000
    Category 2         0.074      0.041      1.780      0.075
 M4
    Category 1         0.926      0.041     22.714      0.000
    Category 2         0.074      0.041      1.802      0.071
 DISLIKE
    Category 1         0.475      0.079      6.020      0.000
    Category 2         0.525      0.079      6.653      0.000
 PURSUE
    Category 1         0.684      0.073      9.401      0.000
    Category 2         0.316      0.073      4.353      0.000
 BOYS
    Category 1         0.976      0.024     40.737      0.000
    Category 2         0.024      0.024      1.010      0.312


LATENT CLASS INDICATOR ODDS RATIOS FOR THE LATENT CLASSES

                                                95% C.I.
                    Estimate       S.E.  Lower 2.5% Upper 2.5%

Latent Class 1 Compared to Latent Class 2

 M1
    Category > 1   *********      0.000  *********  *********
 M2
    Category > 1       0.000      0.000      0.000      0.000
 M3
    Category > 1       0.042      0.042      0.006      0.301
 M4
    Category > 1       0.013      0.017      0.001      0.171
 DISLIKE
    Category > 1       0.000      0.000      0.000      0.000
 PURSUE
    Category > 1       0.837      0.820      0.123      5.712
 BOYS
    Category > 1       1.193      1.450      0.110     12.932

Latent Class 1 Compared to Latent Class 3

 M1
    Category > 1   *********      0.000  *********  *********
 M2
    Category > 1       1.306      2.716      0.022     76.880
 M3
    Category > 1       4.706      5.189      0.542     40.855
 M4
    Category > 1       1.932      2.519      0.150     24.891
 DISLIKE
    Category > 1       0.000      0.000      0.000      0.000
 PURSUE
    Category > 1       4.663      4.670      0.655     33.209
 BOYS
    Category > 1       6.052      9.271      0.301    121.849

Latent Class 2 Compared to Latent Class 3

 M1
    Category > 1     524.864    658.785     44.837   6144.065
 M2
    Category > 1   *********      0.000  *********  *********
 M3
    Category > 1     112.928     87.842     24.585    518.717
 M4
    Category > 1     148.813    127.939     27.595    802.523
 DISLIKE
    Category > 1       0.074      0.045      0.022      0.246
 PURSUE
    Category > 1       5.571      2.547      2.274     13.649
 BOYS
    Category > 1       5.075      5.610      0.582     44.291


MODEL COMMAND WITH FINAL ESTIMATES USED AS STARTING VALUES

     %OVERALL%

     [ c#1*-1.63612 ];
     [ c#2*0.23518 ];

     %C#1%

     [ m1$1*-15 ];
     [ m2$1*1.97250 ];
     [ m3$1*0.97982 ];
     [ m4$1*1.87554 ];
     [ dislike$1*15 ];
     [ pursue$1*-0.76962 ];
     [ boys$1*1.89644 ];

     %C#2%

     [ m1$1*-3.22042 ];
     [ m2$1*-15 ];
     [ m3$1*-2.19818 ];
     [ m4$1*-2.46880 ];
     [ dislike$1*2.49986 ];
     [ pursue$1*-0.94766 ];
     [ boys$1*2.07249 ];

     %C#3%

     [ m1$1*3.04272 ];
     [ m2$1*2.23957 ];
     [ m3$1*2.52857 ];
     [ m4$1*2.53389 ];
     [ dislike$1*-0.09990 ];
     [ pursue$1*0.76997 ];
     [ boys$1*3.69684 ];



TECHNICAL 11 OUTPUT

     Random Starts Specifications for the k-1 Class Analysis Model
        Number of initial stage random starts                 500
        Number of final stage optimizations                   100



     VUONG-LO-MENDELL-RUBIN LIKELIHOOD RATIO TEST FOR 2 (H0) VERSUS 3 CLASSES

          H0 Loglikelihood Value                         -321.237
          2 Times the Loglikelihood Difference             12.657
          Difference in the Number of Parameters                8
          Mean                                              6.809
          Standard Deviation                                5.420
          P-Value                                          0.1245

     LO-MENDELL-RUBIN ADJUSTED LRT TEST

          Value                                            12.325
          P-Value                                          0.1341


TECHNICAL 14 OUTPUT

     Random Starts Specifications for the k-1 Class Analysis Model
        Number of initial stage random starts                 500
        Number of final stage optimizations                   100

     Random Starts Specification for the k-1 Class Model for Generated Data
        Number of initial stage random starts                   0
        Number of final stage optimizations for the
           initial stage random starts                          0
     Random Starts Specification for the k Class Model for Generated Data
        Number of initial stage random starts                  40
        Number of final stage optimizations                     8
     Number of bootstrap draws requested                   Varies


     PARAMETRIC BOOTSTRAPPED LIKELIHOOD RATIO TEST FOR 2 (H0) VERSUS 3 CLASSES

          H0 Loglikelihood Value                         -321.237
          2 Times the Loglikelihood Difference             12.657
          Difference in the Number of Parameters                8
          Approximate P-Value                              1.0000
          Successful Bootstrap Draws                            2


     Beginning Time:  12:25:49
        Ending Time:  12:25:50
       Elapsed Time:  00:00:01



MUTHEN & MUTHEN
3463 Stoner Ave.
Los Angeles, CA  90066

Tel: (310) 391-9971
Fax: (310) 391-8971
Web: www.StatModel.com
Support: Support@StatModel.com

Copyright (c) 1998-2024 Muthen & Muthen
