Mplus VERSION 8.11 (Mac)
MUTHEN & MUTHEN
06/05/2024   3:25 PM

INPUT INSTRUCTIONS

  TITLE:
  4-Class
  DATA:
  FILE = "/Users/nathanalexander/Dropbox/Projects/immerse/reims/enum/
  reims1.dat";
  VARIABLE:
  NAMES = m1 m2 m3 m4 dislike pursue boys;
   MISSING=.;
   categorical m1-boys;
  usevar = m1-boys;
  classes = c(4);
  ANALYSIS:
  estimator = mlr;
        type = mixture;
        starts = 500 100;
  OUTPUT:
  tech11 tech14 svalues;



INPUT READING TERMINATED NORMALLY




4-Class

SUMMARY OF ANALYSIS

Number of groups                                                 1
Number of observations                                         103

Number of dependent variables                                    7
Number of independent variables                                  0
Number of continuous latent variables                            0
Number of categorical latent variables                           1

Observed dependent variables

  Binary and ordered categorical (ordinal)
   M1          M2          M3          M4          DISLIKE     PURSUE
   BOYS

Categorical latent variables
   C


Estimator                                                      MLR
Information matrix                                        OBSERVED
Optimization Specifications for the Quasi-Newton Algorithm for
Continuous Outcomes
  Maximum number of iterations                                 100
  Convergence criterion                                  0.100D-05
Optimization Specifications for the EM Algorithm
  Maximum number of iterations                                 500
  Convergence criteria
    Loglikelihood change                                 0.100D-06
    Relative loglikelihood change                        0.100D-06
    Derivative                                           0.100D-05
Optimization Specifications for the M step of the EM Algorithm for
Categorical Latent variables
  Number of M step iterations                                    1
  M step convergence criterion                           0.100D-05
  Basis for M step termination                           ITERATION
Optimization Specifications for the M step of the EM Algorithm for
Censored, Binary or Ordered Categorical (Ordinal), Unordered
Categorical (Nominal) and Count Outcomes
  Number of M step iterations                                    1
  M step convergence criterion                           0.100D-05
  Basis for M step termination                           ITERATION
  Maximum value for logit thresholds                            15
  Minimum value for logit thresholds                           -15
  Minimum expected cell size for chi-square              0.100D-01
Maximum number of iterations for H1                           2000
Convergence criterion for H1                             0.100D-03
Optimization algorithm                                         EMA
Random Starts Specifications
  Number of initial stage random starts                        500
  Number of final stage optimizations                          100
  Number of initial stage iterations                            10
  Initial stage convergence criterion                    0.100D+01
  Random starts scale                                    0.500D+01
  Random seed for generating random starts                       0
Link                                                         LOGIT

Input data file(s)
  /Users/nathanalexander/Dropbox/Projects/immerse/reims/enum/reims1.dat
Input data format  FREE


SUMMARY OF DATA

     Number of missing data patterns             1
     Number of y missing data patterns           0
     Number of u missing data patterns           1


COVARIANCE COVERAGE OF DATA

Minimum covariance coverage value   0.100


UNIVARIATE PROPORTIONS AND COUNTS FOR CATEGORICAL VARIABLES

    M1
      Category 1    0.408           42.000
      Category 2    0.592           61.000
    M2
      Category 1    0.437           45.000
      Category 2    0.563           58.000
    M3
      Category 1    0.485           50.000
      Category 2    0.515           53.000
    M4
      Category 1    0.485           50.000
      Category 2    0.515           53.000
    DISLIKE
      Category 1    0.748           77.000
      Category 2    0.252           26.000
    PURSUE
      Category 1    0.447           46.000
      Category 2    0.553           57.000
    BOYS
      Category 1    0.922           95.000
      Category 2    0.078            8.000


RANDOM STARTS RESULTS RANKED FROM THE BEST TO THE WORST LOGLIKELIHOOD VALUES

Final stage loglikelihood values at local maxima, seeds, and initial stage start numbers:

            -312.069  945065           255
            -312.069  286735           175
            -312.069  965994           396
            -312.069  616917           261
            -312.069  484406           421
            -312.069  829540           324
            -312.069  259507           53
            -312.069  264081           186
            -312.069  23012            352
            -312.069  246575           291
            -312.206  824126           287
            -312.206  341041           34
            -312.206  132336           362
            -312.476  715561           125
            -312.497  315029           471
            -312.497  960438           116
            -312.497  195873           6
            -312.497  392766           331
            -312.497  596257           405
            -312.497  391179           78
            -312.497  561664           392
            -312.497  66276            217
            -312.497  669634           335
            -312.497  440841           118
            -312.580  372176           23
            -312.597  694303           282
            -312.665  178475           231
            -312.665  376411           473
            -312.665  136842           58
            -312.665  358488           264
            -312.665  292884           103
            -312.665  263268           165
            -312.665  626087           314
            -312.665  533738           11
            -312.665  349360           464
            -312.665  629320           222
            -312.665  496710           386
            -312.665  1548             384
            -312.726  985387           381
            -312.726  281462           285
            -312.726  285380           1
            -312.726  650371           14
            -312.726  173191           422
            -312.740  801065           393
            -312.740  655497           376
            -313.186  835767           210
            -313.189  192071           142
            -313.190  193847           354
            -313.190  798821           423
            -313.190  784664           75
            -313.190  534483           290
            -313.190  991329           182
            -313.190  216565           474
            -313.190  609185           181
            -313.282  170954           86
            -313.350  82357            339
            -313.350  193569           440
            -313.393  569833           85
            -313.393  700349           401
            -313.441  260601           36
            -313.451  152496           123
            -313.456  751153           110
            -313.491  354559           73
            -313.491  488125           368
            -313.491  499150           216
            -313.491  930872           277
            -313.533  252949           487
            -313.533  396795           323
            -313.533  937885           426
            -313.687  303634           169
            -313.693  408713           450
            -313.693  127215           9
            -313.734  606576           151
            -313.812  165853           105
            -313.818  170118           238
            -313.818  608849           224
            -313.818  913639           162
            -313.867  352277           42
            -313.867  404426           344
            -313.931  175199           247
            -313.933  120506           45
            -314.833  723775           97
            -314.833  53621            483

17 perturbed starting value run(s) did not converge or were rejected in the third stage.



THE BEST LOGLIKELIHOOD VALUE HAS BEEN REPLICATED.  RERUN WITH AT LEAST TWICE THE
RANDOM STARTS TO CHECK THAT THE BEST LOGLIKELIHOOD IS STILL OBTAINED AND REPLICATED.

     IN THE OPTIMIZATION, ONE OR MORE LOGIT THRESHOLDS APPROACHED EXTREME VALUES
     OF -15.000 AND 15.000 AND WERE FIXED TO STABILIZE MODEL ESTIMATION.  THESE
     VALUES IMPLY PROBABILITIES OF 0 AND 1.  IN THE MODEL RESULTS SECTION, THESE
     PARAMETERS HAVE 0 STANDARD ERRORS AND 999 IN THE Z-SCORE AND P-VALUE COLUMNS.




THE MODEL ESTIMATION TERMINATED NORMALLY



MODEL FIT INFORMATION

Number of Free Parameters                       31

Loglikelihood

          H0 Value                        -312.069
          H0 Scaling Correction Factor      1.0057
            for MLR

Information Criteria

          Akaike (AIC)                     686.138
          Bayesian (BIC)                   767.815
          Sample-Size Adjusted BIC         669.891
            (n* = (n + 2) / 24)

Chi-Square Test of Model Fit for the Binary and Ordered Categorical
(Ordinal) Outcomes

          Pearson Chi-Square

          Value                             33.523
          Degrees of Freedom                    96
          P-Value                           1.0000

          Likelihood Ratio Chi-Square

          Value                             31.122
          Degrees of Freedom                    96
          P-Value                           1.0000



FINAL CLASS COUNTS AND PROPORTIONS FOR THE LATENT CLASSES
BASED ON THE ESTIMATED MODEL

    Latent
   Classes

       1         52.93788          0.51396
       2         12.97625          0.12598
       3          8.16271          0.07925
       4         28.92316          0.28081


FINAL CLASS COUNTS AND PROPORTIONS FOR THE LATENT CLASSES
BASED ON ESTIMATED POSTERIOR PROBABILITIES

    Latent
   Classes

       1         52.93788          0.51396
       2         12.97625          0.12598
       3          8.16271          0.07925
       4         28.92316          0.28081


FINAL CLASS COUNTS AND PROPORTIONS FOR THE LATENT CLASSES
BASED ON THEIR MOST LIKELY LATENT CLASS MEMBERSHIP

Class Counts and Proportions

    Latent
   Classes

       1               53          0.51456
       2               13          0.12621
       3                9          0.08738
       4               28          0.27184


CLASSIFICATION QUALITY

     Entropy                         0.967


Average Latent Class Probabilities for Most Likely Latent Class Membership (Row)
by Latent Class (Column)

           1        2        3        4

    1   0.991    0.000    0.008    0.001
    2   0.002    0.998    0.000    0.000
    3   0.040    0.000    0.860    0.100
    4   0.001    0.000    0.000    0.999


Classification Probabilities for the Most Likely Latent Class Membership (Column)
by Latent Class (Row)

           1        2        3        4

    1   0.992    0.000    0.007    0.001
    2   0.000    1.000    0.000    0.000
    3   0.051    0.000    0.949    0.000
    4   0.002    0.000    0.031    0.967


Logits for the Classification Probabilities for the Most Likely Latent Class Membership (Column)
by Latent Class (Row)

              1        2        3        4

    1      7.361   -0.340    2.379    0.000
    2      0.000   13.816    0.000    0.000
    3     10.847    0.000   13.763    0.000
    4     -6.144  -13.782   -3.440    0.000


MODEL RESULTS

                                                    Two-Tailed
                    Estimate       S.E.  Est./S.E.    P-Value

Latent Class 1

 Thresholds
    M1$1              -3.222      0.732     -4.404      0.000
    M2$1             -15.000      0.000    999.000    999.000
    M3$1              -2.200      0.488     -4.513      0.000
    M4$1              -2.473      0.610     -4.056      0.000
    DISLIKE$1          2.497      0.521      4.797      0.000
    PURSUE$1          -0.948      0.310     -3.061      0.002
    BOYS$1             2.073      0.441      4.705      0.000

Latent Class 2

 Thresholds
    M1$1              15.000      0.000    999.000    999.000
    M2$1               2.509      1.067      2.351      0.019
    M3$1               2.483      1.041      2.384      0.017
    M4$1              15.000      0.000    999.000    999.000
    DISLIKE$1         -0.158      0.559     -0.283      0.777
    PURSUE$1         -15.000      0.000    999.000    999.000
    BOYS$1             2.483      1.041      2.384      0.017

Latent Class 3

 Thresholds
    M1$1             -15.000      0.000    999.000    999.000
    M2$1               1.903      1.832      1.039      0.299
    M3$1               0.994      0.890      1.117      0.264
    M4$1               1.824      1.115      1.637      0.102
    DISLIKE$1         15.000      0.000    999.000    999.000
    PURSUE$1          -0.938      1.085     -0.864      0.387
    BOYS$1             1.874      1.122      1.670      0.095

Latent Class 4

 Thresholds
    M1$1               2.638      1.040      2.538      0.011
    M2$1               2.147      0.623      3.448      0.001
    M3$1               2.529      0.751      3.365      0.001
    M4$1               2.140      0.615      3.481      0.000
    DISLIKE$1         -0.071      0.386     -0.184      0.854
    PURSUE$1          15.000      0.000    999.000    999.000
    BOYS$1            15.000      0.000    999.000    999.000

Categorical Latent Variables

 Means
    C#1                0.604      0.239      2.530      0.011
    C#2               -0.802      0.338     -2.372      0.018
    C#3               -1.265      0.485     -2.607      0.009


QUALITY OF NUMERICAL RESULTS

     Condition Number for the Information Matrix              0.904E-02
       (ratio of smallest to largest eigenvalue)


RESULTS IN PROBABILITY SCALE

                                                    Two-Tailed
                    Estimate       S.E.  Est./S.E.    P-Value

Latent Class 1

 M1
    Category 1         0.038      0.027      1.421      0.155
    Category 2         0.962      0.027     35.636      0.000
 M2
    Category 1         0.000      0.000      0.000      1.000
    Category 2         1.000      0.000      0.000      1.000
 M3
    Category 1         0.100      0.044      2.278      0.023
    Category 2         0.900      0.044     20.568      0.000
 M4
    Category 1         0.078      0.044      1.779      0.075
    Category 2         0.922      0.044     21.088      0.000
 DISLIKE
    Category 1         0.924      0.037     25.260      0.000
    Category 2         0.076      0.037      2.079      0.038
 PURSUE
    Category 1         0.279      0.062      4.478      0.000
    Category 2         0.721      0.062     11.561      0.000
 BOYS
    Category 1         0.888      0.044     20.312      0.000
    Category 2         0.112      0.044      2.554      0.011

Latent Class 2

 M1
    Category 1         1.000      0.000      0.000      1.000
    Category 2         0.000      0.000      0.000      1.000
 M2
    Category 1         0.925      0.074     12.455      0.000
    Category 2         0.075      0.074      1.013      0.311
 M3
    Category 1         0.923      0.074     12.461      0.000
    Category 2         0.077      0.074      1.041      0.298
 M4
    Category 1         1.000      0.000      0.000      1.000
    Category 2         0.000      0.000      0.000      1.000
 DISLIKE
    Category 1         0.461      0.139      3.316      0.001
    Category 2         0.539      0.139      3.885      0.000
 PURSUE
    Category 1         0.000      0.000      0.000      1.000
    Category 2         1.000      0.000      0.000      1.000
 BOYS
    Category 1         0.923      0.074     12.461      0.000
    Category 2         0.077      0.074      1.041      0.298

Latent Class 3

 M1
    Category 1         0.000      0.000      0.000      1.000
    Category 2         1.000      0.000      0.000      1.000
 M2
    Category 1         0.870      0.207      4.208      0.000
    Category 2         0.130      0.207      0.627      0.530
 M3
    Category 1         0.730      0.175      4.162      0.000
    Category 2         0.270      0.175      1.540      0.124
 M4
    Category 1         0.861      0.133      6.457      0.000
    Category 2         0.139      0.133      1.042      0.297
 DISLIKE
    Category 1         1.000      0.000      0.000      1.000
    Category 2         0.000      0.000      0.000      1.000
 PURSUE
    Category 1         0.281      0.219      1.282      0.200
    Category 2         0.719      0.219      3.276      0.001
 BOYS
    Category 1         0.867      0.129      6.696      0.000
    Category 2         0.133      0.129      1.028      0.304

Latent Class 4

 M1
    Category 1         0.933      0.065     14.416      0.000
    Category 2         0.067      0.065      1.031      0.303
 M2
    Category 1         0.895      0.058     15.350      0.000
    Category 2         0.105      0.058      1.794      0.073
 M3
    Category 1         0.926      0.051     18.017      0.000
    Category 2         0.074      0.051      1.437      0.151
 M4
    Category 1         0.895      0.058     15.450      0.000
    Category 2         0.105      0.058      1.818      0.069
 DISLIKE
    Category 1         0.482      0.096      5.008      0.000
    Category 2         0.518      0.096      5.376      0.000
 PURSUE
    Category 1         1.000      0.000      0.000      1.000
    Category 2         0.000      0.000      0.000      1.000
 BOYS
    Category 1         1.000      0.000      0.000      1.000
    Category 2         0.000      0.000      0.000      1.000


LATENT CLASS INDICATOR ODDS RATIOS FOR THE LATENT CLASSES

                                                95% C.I.
                    Estimate       S.E.  Lower 2.5% Upper 2.5%

Latent Class 1 Compared to Latent Class 2

 M1
    Category > 1   *********      0.000  *********  *********
 M2
    Category > 1   *********      0.000  *********  *********
 M3
    Category > 1     108.126    124.458     11.328   1032.094
 M4
    Category > 1   *********      0.000  *********  *********
 DISLIKE
    Category > 1       0.070      0.054      0.016      0.314
 PURSUE
    Category > 1       0.000      0.000      0.000      0.000
 BOYS
    Category > 1       1.506      1.703      0.164     13.819

Latent Class 1 Compared to Latent Class 3

 M1
    Category > 1       0.000      0.000      0.000      0.000
 M2
    Category > 1   *********      0.000  *********  *********
 M3
    Category > 1      24.397     24.660      3.365    176.891
 M4
    Category > 1      73.494     95.272      5.792    932.615
 DISLIKE
    Category > 1   *********      0.000  *********  *********
 PURSUE
    Category > 1       1.010      1.153      0.108      9.459
 BOYS
    Category > 1       0.819      1.000      0.075      8.970

Latent Class 1 Compared to Latent Class 4

 M1
    Category > 1     350.694    447.397     28.773   4274.315
 M2
    Category > 1   *********      0.000  *********  *********
 M3
    Category > 1     113.214    101.193     19.636    652.737
 M4
    Category > 1     100.753     87.524     18.357    552.978
 DISLIKE
    Category > 1       0.077      0.050      0.022      0.273
 PURSUE
    Category > 1   *********      0.000  *********  *********
 BOYS
    Category > 1   *********      0.000  *********  *********

Latent Class 2 Compared to Latent Class 3

 M1
    Category > 1       0.000      0.000      0.000      0.000
 M2
    Category > 1       0.546      1.153      0.009     34.279
 M3
    Category > 1       0.226      0.309      0.015      3.307
 M4
    Category > 1       0.000      0.000      0.000      0.000
 DISLIKE
    Category > 1   *********      0.000  *********  *********
 PURSUE
    Category > 1   *********      0.000  *********  *********
 BOYS
    Category > 1       0.544      0.832      0.027     10.925

Latent Class 2 Compared to Latent Class 4

 M1
    Category > 1       0.000      0.000      0.000      0.000
 M2
    Category > 1       0.696      0.860      0.062      7.834
 M3
    Category > 1       1.047      1.345      0.084     12.976
 M4
    Category > 1       0.000      0.000      0.000      0.000
 DISLIKE
    Category > 1       1.091      0.741      0.288      4.130
 PURSUE
    Category > 1   *********      0.000  *********  *********
 BOYS
    Category > 1   *********      0.000  *********  *********

Latent Class 3 Compared to Latent Class 4

 M1
    Category > 1   *********      0.000  *********  *********
 M2
    Category > 1       1.276      2.474      0.029     57.097
 M3
    Category > 1       4.640      5.601      0.436     49.435
 M4
    Category > 1       1.371      1.774      0.109     17.319
 DISLIKE
    Category > 1       0.000      0.000      0.000      0.000
 PURSUE
    Category > 1   *********      0.000  *********  *********
 BOYS
    Category > 1   *********      0.000  *********  *********


MODEL COMMAND WITH FINAL ESTIMATES USED AS STARTING VALUES

     %OVERALL%

     [ c#1*0.60448 ];
     [ c#2*-0.80152 ];
     [ c#3*-1.26507 ];

     %C#1%

     [ m1$1*-3.22176 ];
     [ m2$1*-15 ];
     [ m3$1*-2.20037 ];
     [ m4$1*-2.47294 ];
     [ dislike$1*2.49725 ];
     [ pursue$1*-0.94838 ];
     [ boys$1*2.07342 ];

     %C#2%

     [ m1$1*15 ];
     [ m2$1*2.50894 ];
     [ m3$1*2.48293 ];
     [ m4$1*15 ];
     [ dislike$1*-0.15812 ];
     [ pursue$1*-15 ];
     [ boys$1*2.48293 ];

     %C#3%

     [ m1$1*-15 ];
     [ m2$1*1.90307 ];
     [ m3$1*0.99411 ];
     [ m4$1*1.82426 ];
     [ dislike$1*15 ];
     [ pursue$1*-0.93814 ];
     [ boys$1*1.87382 ];

     %C#4%

     [ m1$1*2.63815 ];
     [ m2$1*2.14664 ];
     [ m3$1*2.52891 ];
     [ m4$1*2.13973 ];
     [ dislike$1*-0.07090 ];
     [ pursue$1*15 ];
     [ boys$1*15 ];



TECHNICAL 11 OUTPUT

     Random Starts Specifications for the k-1 Class Analysis Model
        Number of initial stage random starts                 500
        Number of final stage optimizations                   100



     VUONG-LO-MENDELL-RUBIN LIKELIHOOD RATIO TEST FOR 3 (H0) VERSUS 4 CLASSES

          H0 Loglikelihood Value                         -314.909
          2 Times the Loglikelihood Difference              5.680
          Difference in the Number of Parameters                8
          Mean                                              3.682
          Standard Deviation                                3.786
          P-Value                                          0.2277

     LO-MENDELL-RUBIN ADJUSTED LRT TEST

          Value                                             5.530
          P-Value                                          0.2378


TECHNICAL 14 OUTPUT

     Random Starts Specifications for the k-1 Class Analysis Model
        Number of initial stage random starts                 500
        Number of final stage optimizations                   100

     Random Starts Specification for the k-1 Class Model for Generated Data
        Number of initial stage random starts                   0
        Number of final stage optimizations for the
           initial stage random starts                          0
     Random Starts Specification for the k Class Model for Generated Data
        Number of initial stage random starts                  40
        Number of final stage optimizations                     8
     Number of bootstrap draws requested                   Varies


     PARAMETRIC BOOTSTRAPPED LIKELIHOOD RATIO TEST FOR 3 (H0) VERSUS 4 CLASSES

          H0 Loglikelihood Value                         -314.909
          2 Times the Loglikelihood Difference              5.680
          Difference in the Number of Parameters                8
          Approximate P-Value                              1.0000
          Successful Bootstrap Draws                            2


     Beginning Time:  15:25:21
        Ending Time:  15:25:23
       Elapsed Time:  00:00:02



MUTHEN & MUTHEN
3463 Stoner Ave.
Los Angeles, CA  90066

Tel: (310) 391-9971
Fax: (310) 391-8971
Web: www.StatModel.com
Support: Support@StatModel.com

Copyright (c) 1998-2024 Muthen & Muthen
