Mplus VERSION 8.11 (Mac)
MUTHEN & MUTHEN
06/05/2024   7:33 PM

INPUT INSTRUCTIONS

  TITLE:
  LCA - Calculate k-Class 95% CI
  DATA:
  FILE = "/Users/nathanalexander/Dropbox/Projects/immerse/reims/mplus/
  reims-1.dat";
  VARIABLE:
  NAMES = m1 m2 m3 m4 dislike pursue boys;
   MISSING=.;
   categorical = m1-pursue;
      usevar = m1-pursue;
      classes = c(4);
  ANALYSIS:
  estimator = ml;
      type = mixture;
      starts = 0;
      processors = 10;
      optseed = 945065;
      bootstrap = 100;
  MODEL:

    !CHANGE THIS SECTION TO YOUR CHOSEN k-CLASS MODEL

    %OVERALL%
    [C#1](c1);
    [C#2](c2);
    [C#3](c3);


    Model Constraint:
    New(p1 p2 p3 p4);

    p1 = exp(c1)/(1+exp(c1)+exp(c2)+exp(c3));
    p2 = exp(c2)/(1+exp(c1)+exp(c2)+exp(c3));
    p3 = exp(c3)/(1+exp(c1)+exp(c2)+exp(c3));
    p4 = 1/(1+exp(c1)+exp(c2)+exp(c3));
  OUTPUT:
  cinterval(bcbootstrap)



INPUT READING TERMINATED NORMALLY




LCA - Calculate k-Class 95% CI

SUMMARY OF ANALYSIS

Number of groups                                                 1
Number of observations                                         103

Number of dependent variables                                    6
Number of independent variables                                  0
Number of continuous latent variables                            0
Number of categorical latent variables                           1

Observed dependent variables

  Binary and ordered categorical (ordinal)
   M1          M2          M3          M4          DISLIKE     PURSUE

Categorical latent variables
   C


Estimator                                                       ML
Information matrix                                        OBSERVED
Optimization Specifications for the Quasi-Newton Algorithm for
Continuous Outcomes
  Maximum number of iterations                                 100
  Convergence criterion                                  0.100D-05
Optimization Specifications for the EM Algorithm
  Maximum number of iterations                                 500
  Convergence criteria
    Loglikelihood change                                 0.100D-06
    Relative loglikelihood change                        0.100D-06
    Derivative                                           0.100D-05
Optimization Specifications for the M step of the EM Algorithm for
Categorical Latent variables
  Number of M step iterations                                    1
  M step convergence criterion                           0.100D-05
  Basis for M step termination                           ITERATION
Optimization Specifications for the M step of the EM Algorithm for
Censored, Binary or Ordered Categorical (Ordinal), Unordered
Categorical (Nominal) and Count Outcomes
  Number of M step iterations                                    1
  M step convergence criterion                           0.100D-05
  Basis for M step termination                           ITERATION
  Maximum value for logit thresholds                            15
  Minimum value for logit thresholds                           -15
  Minimum expected cell size for chi-square              0.100D-01
Maximum number of iterations for H1                           2000
Convergence criterion for H1                             0.100D-03
Number of bootstrap draws
    Requested                                                  100
    Completed                                                  100
Optimization algorithm                                         EMA
Random Starts Specifications
  Random seed for analysis                                  945065
Link                                                         LOGIT

Input data file(s)
  /Users/nathanalexander/Dropbox/Projects/immerse/reims/mplus/reims-1.dat
Input data format  FREE


SUMMARY OF DATA

     Number of missing data patterns             1
     Number of y missing data patterns           0
     Number of u missing data patterns           1


COVARIANCE COVERAGE OF DATA

Minimum covariance coverage value   0.100


UNIVARIATE PROPORTIONS AND COUNTS FOR CATEGORICAL VARIABLES

    M1
      Category 1    0.408           42.000
      Category 2    0.592           61.000
    M2
      Category 1    0.437           45.000
      Category 2    0.563           58.000
    M3
      Category 1    0.485           50.000
      Category 2    0.515           53.000
    M4
      Category 1    0.485           50.000
      Category 2    0.515           53.000
    DISLIKE
      Category 1    0.748           77.000
      Category 2    0.252           26.000
    PURSUE
      Category 1    0.447           46.000
      Category 2    0.553           57.000


     IN THE OPTIMIZATION, ONE OR MORE LOGIT THRESHOLDS APPROACHED EXTREME VALUES
     OF -15.000 AND 15.000 AND WERE FIXED TO STABILIZE MODEL ESTIMATION.  THESE
     VALUES IMPLY PROBABILITIES OF 0 AND 1.  IN THE MODEL RESULTS SECTION, THESE
     PARAMETERS HAVE 0 STANDARD ERRORS AND 999 IN THE Z-SCORE AND P-VALUE COLUMNS.


THE MODEL ESTIMATION TERMINATED NORMALLY



MODEL FIT INFORMATION

Number of Free Parameters                       27

Loglikelihood

          H0 Value                        -286.469

Information Criteria

          Akaike (AIC)                     626.937
          Bayesian (BIC)                   698.075
          Sample-Size Adjusted BIC         612.787
            (n* = (n + 2) / 24)

Chi-Square Test of Model Fit for the Binary and Ordered Categorical
(Ordinal) Outcomes

          Pearson Chi-Square

          Value                             19.146
          Degrees of Freedom                    36
          P-Value                           0.9904

          Likelihood Ratio Chi-Square

          Value                             20.476
          Degrees of Freedom                    36
          P-Value                           0.9824



FINAL CLASS COUNTS AND PROPORTIONS FOR THE LATENT CLASSES
BASED ON THE ESTIMATED MODEL

    Latent
   Classes

       1         52.49154          0.50963
       2         30.92539          0.30025
       3          0.99733          0.00968
       4         18.58574          0.18044


FINAL CLASS COUNTS AND PROPORTIONS FOR THE LATENT CLASSES
BASED ON ESTIMATED POSTERIOR PROBABILITIES

    Latent
   Classes

       1         52.49154          0.50963
       2         30.92539          0.30025
       3          0.99733          0.00968
       4         18.58574          0.18044


FINAL CLASS COUNTS AND PROPORTIONS FOR THE LATENT CLASSES
BASED ON THEIR MOST LIKELY LATENT CLASS MEMBERSHIP

Class Counts and Proportions

    Latent
   Classes

       1               53          0.51456
       2               31          0.30097
       3                1          0.00971
       4               18          0.17476


CLASSIFICATION QUALITY

     Entropy                         0.894


Average Latent Class Probabilities for Most Likely Latent Class Membership (Row)
by Latent Class (Column)

           1        2        3        4

    1   0.986    0.000    0.000    0.014
    2   0.000    0.897    0.000    0.103
    3   0.003    0.000    0.997    0.000
    4   0.013    0.173    0.000    0.814


Classification Probabilities for the Most Likely Latent Class Membership (Column)
by Latent Class (Row)

           1        2        3        4

    1   0.996    0.000    0.000    0.004
    2   0.000    0.899    0.000    0.101
    3   0.000    0.000    1.000    0.000
    4   0.040    0.172    0.000    0.788


Logits for the Classification Probabilities for the Most Likely Latent Class Membership (Column)
by Latent Class (Row)

              1        2        3        4

    1      5.412   -8.399   -4.470    0.000
    2    -11.521    2.188  -11.521    0.000
    3      0.000    0.000   13.816    0.000
    4     -2.980   -1.524  -13.577    0.000


MODEL RESULTS

                                                    Two-Tailed
                    Estimate       S.E.  Est./S.E.    P-Value

Latent Class 1

 Thresholds
    M1$1              -3.245      3.603     -0.901      0.368
    M2$1             -15.000      0.000    999.000    999.000
    M3$1              -2.236      1.393     -1.606      0.108
    M4$1              -2.568      3.427     -0.750      0.454
    DISLIKE$1          2.494      1.324      1.884      0.060
    PURSUE$1          -0.963      0.336     -2.871      0.004

Latent Class 2

 Thresholds
    M1$1               3.046      5.920      0.515      0.607
    M2$1              15.000      0.000    999.000    999.000
    M3$1               3.091      5.942      0.520      0.603
    M4$1               2.327      2.570      0.905      0.365
    DISLIKE$1         -0.749      6.418     -0.117      0.907
    PURSUE$1           0.799      0.446      1.794      0.073

Latent Class 3

 Thresholds
    M1$1              15.000      0.000    999.000    999.000
    M2$1             -15.000      0.000    999.000    999.000
    M3$1             -15.000      0.000    999.000    999.000
    M4$1              15.000      0.000    999.000    999.000
    DISLIKE$1        -15.000      0.000    999.000    999.000
    PURSUE$1          15.000      0.000    999.000    999.000

Latent Class 4

 Thresholds
    M1$1               0.047      2.723      0.017      0.986
    M2$1               1.138      2.053      0.554      0.580
    M3$1               1.558      4.122      0.378      0.706
    M4$1               2.437      6.252      0.390      0.697
    DISLIKE$1         15.000      0.000    999.000    999.000
    PURSUE$1          -0.026      2.697     -0.010      0.992

Categorical Latent Variables

 Means
    C#1                1.038      0.360      2.883      0.004
    C#2                0.509      0.518      0.984      0.325
    C#3               -2.925    328.723     -0.009      0.993

New/Additional Parameters
    P1                 0.510      0.047     10.746      0.000
    P2                 0.300      0.065      4.600      0.000
    P3                 0.010      0.011      0.895      0.371
    P4                 0.180      0.063      2.869      0.004


RESULTS IN PROBABILITY SCALE

                                                    Two-Tailed
                    Estimate       S.E.  Est./S.E.    P-Value

Latent Class 1

 M1
    Category 1         0.038      0.025      1.485      0.137
    Category 2         0.962      0.025     38.096      0.000
 M2
    Category 1         0.000      0.000      0.000      1.000
    Category 2         1.000      0.000      0.000      1.000
 M3
    Category 1         0.097      0.046      2.118      0.034
    Category 2         0.903      0.046     19.822      0.000
 M4
    Category 1         0.071      0.044      1.608      0.108
    Category 2         0.929      0.044     20.976      0.000
 DISLIKE
    Category 1         0.924      0.031     29.712      0.000
    Category 2         0.076      0.031      2.453      0.014
 PURSUE
    Category 1         0.276      0.062      4.460      0.000
    Category 2         0.724      0.062     11.690      0.000

Latent Class 2

 M1
    Category 1         0.955      0.046     20.613      0.000
    Category 2         0.045      0.046      0.980      0.327
 M2
    Category 1         1.000      0.000      0.000      1.000
    Category 2         0.000      0.000      0.000      1.000
 M3
    Category 1         0.957      0.043     22.292      0.000
    Category 2         0.043      0.043      1.013      0.311
 M4
    Category 1         0.911      0.056     16.188      0.000
    Category 2         0.089      0.056      1.581      0.114
 DISLIKE
    Category 1         0.321      0.174      1.848      0.065
    Category 2         0.679      0.174      3.909      0.000
 PURSUE
    Category 1         0.690      0.093      7.445      0.000
    Category 2         0.310      0.093      3.348      0.001

Latent Class 3

 M1
    Category 1         1.000      0.000      0.000      1.000
    Category 2         0.000      0.000      0.000      1.000
 M2
    Category 1         0.000      0.000      0.000      1.000
    Category 2         1.000      0.000      0.000      1.000
 M3
    Category 1         0.000      0.000      0.000      1.000
    Category 2         1.000      0.000      0.000      1.000
 M4
    Category 1         1.000      0.000      0.000      1.000
    Category 2         0.000      0.000      0.000      1.000
 DISLIKE
    Category 1         0.000      0.000      0.000      1.000
    Category 2         1.000      0.000      0.000      1.000
 PURSUE
    Category 1         1.000      0.000      0.000      1.000
    Category 2         0.000      0.000      0.000      1.000

Latent Class 4

 M1
    Category 1         0.512      0.192      2.663      0.008
    Category 2         0.488      0.192      2.541      0.011
 M2
    Category 1         0.757      0.128      5.924      0.000
    Category 2         0.243      0.128      1.899      0.058
 M3
    Category 1         0.826      0.141      5.868      0.000
    Category 2         0.174      0.141      1.236      0.216
 M4
    Category 1         0.920      0.069     13.287      0.000
    Category 2         0.080      0.069      1.162      0.245
 DISLIKE
    Category 1         1.000      0.000      0.000      1.000
    Category 2         0.000      0.000      0.000      1.000
 PURSUE
    Category 1         0.494      0.172      2.866      0.004
    Category 2         0.506      0.172      2.941      0.003


CONFIDENCE INTERVALS OF MODEL RESULTS

                  Lower .5%  Lower 2.5%    Lower 5%    Estimate    Upper 5%  Upper 2.5%   Upper .5%

Latent Class 1

 Thresholds
    M1$1           -15.000     -15.000     -15.000      -3.245      -2.492      -2.352      -2.175
    M2$1           -15.000     -15.000     -15.000     -15.000     -15.000     -15.000     -15.000
    M3$1           -15.000      -4.184      -3.494      -2.236      -1.561      -1.538      -1.493
    M4$1           -15.000     -15.000      -4.512      -2.568      -1.660      -1.645      -1.573
    DISLIKE$1        1.561       1.561       1.765       2.494       3.223       3.273       3.940
    PURSUE$1        -2.093      -1.795      -1.540      -0.963      -0.602      -0.441      -0.277

Latent Class 2

 Thresholds
    M1$1             1.224       1.224       1.712       3.046      15.000      15.000      15.000
    M2$1            15.000      15.000      15.000      15.000      15.000      15.000      15.000
    M3$1             1.658       1.658       1.792       3.091      15.000      15.000      15.000
    M4$1             0.875       0.902       1.509       2.327       3.500      15.000      15.000
    DISLIKE$1      -15.000     -15.000     -15.000      -0.749       0.007       0.007       0.214
    PURSUE$1        -0.167      -0.060       0.118       0.799       1.615       1.821       1.897

Latent Class 3

 Thresholds
    M1$1            15.000      15.000      15.000      15.000      15.000      15.000      15.000
    M2$1           -15.000     -15.000     -15.000     -15.000     -15.000     -15.000     -15.000
    M3$1           -15.000     -15.000     -15.000     -15.000     -15.000     -15.000     -15.000
    M4$1            15.000      15.000      15.000      15.000      15.000      15.000      15.000
    DISLIKE$1      -15.000     -15.000     -15.000     -15.000     -15.000     -15.000     -15.000
    PURSUE$1        15.000      15.000      15.000      15.000      15.000      15.000      15.000

Latent Class 4

 Thresholds
    M1$1           -15.000      -1.839      -1.259       0.047       1.427       1.872      15.000
    M2$1            -1.068      -1.068      -0.248       1.138       2.132       2.254       3.343
    M3$1            -1.209      -1.209       0.038       1.558      15.000      15.000      15.000
    M4$1             1.088       1.088       1.147       2.437      15.000      15.000      15.000
    DISLIKE$1       15.000      15.000      15.000      15.000      15.000      15.000      15.000
    PURSUE$1       -15.000     -15.000      -1.049      -0.026       1.252       1.526       2.894

Categorical Latent Variables

 Means
    C#1              0.086       0.379       0.530       1.038       1.670       1.693       1.897
    C#2             -0.843      -0.527      -0.455       0.509       1.076       1.225       1.560
    C#3           -686.082    -685.670    -685.493      -2.925      -1.579      -1.492      -1.482

New/Additional Parameters
    P1               0.385       0.395       0.426       0.510       0.581       0.591       0.625
    P2               0.146       0.175       0.194       0.300       0.396       0.399       0.407
    P3               0.000       0.000       0.000       0.010       0.029       0.029       0.039
    P4               0.080       0.080       0.080       0.180       0.277       0.299       0.353


CONFIDENCE INTERVALS IN PROBABILITY SCALE

Latent Class 1

 M1
    Category 1       0.000       0.000       0.000       0.038       0.076       0.087       0.102
    Category 2       0.889       0.901       0.923       0.962       1.000       1.000       1.000
 M2
    Category 1       0.000       0.000       0.000       0.000       0.000       0.000       0.000
    Category 2       1.000       1.000       1.000       1.000       1.000       1.000       1.000
 M3
    Category 1       0.000       0.015       0.029       0.097       0.173       0.177       0.183
    Category 2       0.776       0.823       0.824       0.903       0.967       0.980       1.000
 M4
    Category 1       0.000       0.000       0.011       0.071       0.160       0.162       0.172
    Category 2       0.828       0.828       0.838       0.929       0.987       1.000       1.000
 DISLIKE
    Category 1       0.827       0.827       0.854       0.924       0.962       0.963       0.981
    Category 2       0.000       0.022       0.038       0.076       0.138       0.150       0.173
 PURSUE
    Category 1       0.110       0.143       0.177       0.276       0.354       0.392       0.431
    Category 2       0.569       0.599       0.644       0.724       0.819       0.844       0.867

Latent Class 2

 M1
    Category 1       0.773       0.773       0.847       0.955       1.000       1.000       1.000
    Category 2       0.000       0.000       0.000       0.045       0.140       0.160       0.227
 M2
    Category 1       1.000       1.000       1.000       1.000       1.000       1.000       1.000
    Category 2       0.000       0.000       0.000       0.000       0.000       0.000       0.000
 M3
    Category 1       0.840       0.840       0.857       0.957       1.000       1.000       1.000
    Category 2       0.000       0.000       0.000       0.043       0.139       0.150       0.160
 M4
    Category 1       0.706       0.711       0.819       0.911       0.971       1.000       1.000
    Category 2       0.000       0.000       0.029       0.089       0.180       0.214       0.294
 DISLIKE
    Category 1       0.000       0.000       0.000       0.321       0.502       0.502       0.553
    Category 2       0.447       0.447       0.447       0.679       1.000       1.000       1.000
 PURSUE
    Category 1       0.458       0.485       0.529       0.690       0.834       0.861       0.870
    Category 2       0.130       0.130       0.159       0.310       0.470       0.500       0.519

Latent Class 3

 M1
    Category 1       1.000       1.000       1.000       1.000       1.000       1.000       1.000
    Category 2       0.000       0.000       0.000       0.000       0.000       0.000       0.000
 M2
    Category 1       0.000       0.000       0.000       0.000       0.000       0.000       0.000
    Category 2       1.000       1.000       1.000       1.000       1.000       1.000       1.000
 M3
    Category 1       0.000       0.000       0.000       0.000       0.000       0.000       0.000
    Category 2       1.000       1.000       1.000       1.000       1.000       1.000       1.000
 M4
    Category 1       1.000       1.000       1.000       1.000       1.000       1.000       1.000
    Category 2       0.000       0.000       0.000       0.000       0.000       0.000       0.000
 DISLIKE
    Category 1       0.000       0.000       0.000       0.000       0.000       0.000       0.000
    Category 2       1.000       1.000       1.000       1.000       1.000       1.000       1.000
 PURSUE
    Category 1       1.000       1.000       1.000       1.000       1.000       1.000       1.000
    Category 2       0.000       0.000       0.000       0.000       0.000       0.000       0.000

Latent Class 4

 M1
    Category 1       0.000       0.137       0.221       0.512       0.806       0.867       1.000
    Category 2       0.000       0.108       0.189       0.488       0.752       0.829       1.000
 M2
    Category 1       0.256       0.256       0.438       0.757       0.894       0.905       0.966
    Category 2       0.000       0.089       0.105       0.243       0.552       0.562       0.744
 M3
    Category 1       0.230       0.230       0.510       0.826       1.000       1.000       1.000
    Category 2       0.000       0.000       0.000       0.174       0.459       0.629       0.770
 M4
    Category 1       0.748       0.748       0.759       0.920       1.000       1.000       1.000
    Category 2       0.000       0.000       0.000       0.080       0.238       0.241       0.252
 DISLIKE
    Category 1       1.000       1.000       1.000       1.000       1.000       1.000       1.000
    Category 2       0.000       0.000       0.000       0.000       0.000       0.000       0.000
 PURSUE
    Category 1       0.000       0.000       0.259       0.494       0.778       0.821       0.948
    Category 2       0.000       0.150       0.210       0.506       0.737       0.742       1.000


     Beginning Time:  19:33:58
        Ending Time:  19:34:00
       Elapsed Time:  00:00:02



MUTHEN & MUTHEN
3463 Stoner Ave.
Los Angeles, CA  90066

Tel: (310) 391-9971
Fax: (310) 391-8971
Web: www.StatModel.com
Support: Support@StatModel.com

Copyright (c) 1998-2024 Muthen & Muthen
