Mplus VERSION 8.11 (Mac)
MUTHEN & MUTHEN
06/05/2024   7:33 PM

INPUT INSTRUCTIONS

  TITLE:
  LCA - Save response patterns
  DATA:
  FILE = "/Users/nathanalexander/Dropbox/Projects/immerse/reims/mplus/
  patterns.dat";
  VARIABLE:
  NAMES = m1 m2 m3 m4 dislike pursue boys;
   MISSING=.;
   categorical = m1-pursue;
     usevar =  m1-pursue;
     classes = c(4);
  ANALYSIS:
  estimator = mlr;
      type = mixture;
      starts = 0;
      processors = 10;
      optseed = 830529;
  OUTPUT:
  patterns tech10 tech11 tech14
  SAVEDATA:
  File=savedata.dat;
      Save=cprob;

      ! Code to save response frequency data

      response is resp_patterns.dat;



INPUT READING TERMINATED NORMALLY




LCA - Save response patterns

SUMMARY OF ANALYSIS

Number of groups                                                 1
Number of observations                                         103

Number of dependent variables                                    6
Number of independent variables                                  0
Number of continuous latent variables                            0
Number of categorical latent variables                           1

Observed dependent variables

  Binary and ordered categorical (ordinal)
   M1          M2          M3          M4          DISLIKE     PURSUE

Categorical latent variables
   C


Estimator                                                      MLR
Information matrix                                        OBSERVED
Optimization Specifications for the Quasi-Newton Algorithm for
Continuous Outcomes
  Maximum number of iterations                                 100
  Convergence criterion                                  0.100D-05
Optimization Specifications for the EM Algorithm
  Maximum number of iterations                                 500
  Convergence criteria
    Loglikelihood change                                 0.100D-06
    Relative loglikelihood change                        0.100D-06
    Derivative                                           0.100D-05
Optimization Specifications for the M step of the EM Algorithm for
Categorical Latent variables
  Number of M step iterations                                    1
  M step convergence criterion                           0.100D-05
  Basis for M step termination                           ITERATION
Optimization Specifications for the M step of the EM Algorithm for
Censored, Binary or Ordered Categorical (Ordinal), Unordered
Categorical (Nominal) and Count Outcomes
  Number of M step iterations                                    1
  M step convergence criterion                           0.100D-05
  Basis for M step termination                           ITERATION
  Maximum value for logit thresholds                            15
  Minimum value for logit thresholds                           -15
  Minimum expected cell size for chi-square              0.100D-01
Maximum number of iterations for H1                           2000
Convergence criterion for H1                             0.100D-03
Optimization algorithm                                         EMA
Random Starts Specifications
  Random seed for analysis                                  830529
Link                                                         LOGIT

Input data file(s)
  /Users/nathanalexander/Dropbox/Projects/immerse/reims/mplus/patterns.dat
Input data format  FREE


SUMMARY OF DATA

     Number of missing data patterns             1
     Number of y missing data patterns           0
     Number of u missing data patterns           1


SUMMARY OF MISSING DATA PATTERNS


COVARIANCE COVERAGE OF DATA

Minimum covariance coverage value   0.100


UNIVARIATE PROPORTIONS AND COUNTS FOR CATEGORICAL VARIABLES

    M1
      Category 1    0.408           42.000
      Category 2    0.592           61.000
    M2
      Category 1    0.437           45.000
      Category 2    0.563           58.000
    M3
      Category 1    0.485           50.000
      Category 2    0.515           53.000
    M4
      Category 1    0.485           50.000
      Category 2    0.515           53.000
    DISLIKE
      Category 1    0.748           77.000
      Category 2    0.252           26.000
    PURSUE
      Category 1    0.447           46.000
      Category 2    0.553           57.000


     IN THE OPTIMIZATION, ONE OR MORE LOGIT THRESHOLDS APPROACHED EXTREME VALUES
     OF -15.000 AND 15.000 AND WERE FIXED TO STABILIZE MODEL ESTIMATION.  THESE
     VALUES IMPLY PROBABILITIES OF 0 AND 1.  IN THE MODEL RESULTS SECTION, THESE
     PARAMETERS HAVE 0 STANDARD ERRORS AND 999 IN THE Z-SCORE AND P-VALUE COLUMNS.




THE MODEL ESTIMATION TERMINATED NORMALLY



MODEL FIT INFORMATION

Number of Free Parameters                       27

Loglikelihood

          H0 Value                        -290.057
          H0 Scaling Correction Factor      1.0510
            for MLR

Information Criteria

          Akaike (AIC)                     634.115
          Bayesian (BIC)                   705.253
          Sample-Size Adjusted BIC         619.964
            (n* = (n + 2) / 24)

Chi-Square Test of Model Fit for the Binary and Ordered Categorical
(Ordinal) Outcomes

          Pearson Chi-Square

          Value                             25.239
          Degrees of Freedom                    36
          P-Value                           0.9102

          Likelihood Ratio Chi-Square

          Value                             27.654
          Degrees of Freedom                    36
          P-Value                           0.8393



FINAL CLASS COUNTS AND PROPORTIONS FOR THE LATENT CLASSES
BASED ON THE ESTIMATED MODEL

    Latent
   Classes

       1          0.95104          0.00923
       2         15.25939          0.14815
       3         44.67224          0.43371
       4         42.11734          0.40891


FINAL CLASS COUNTS AND PROPORTIONS FOR THE LATENT CLASSES
BASED ON ESTIMATED POSTERIOR PROBABILITIES

    Latent
   Classes

       1          0.95104          0.00923
       2         15.25939          0.14815
       3         44.67224          0.43371
       4         42.11734          0.40891


FINAL CLASS COUNTS AND PROPORTIONS FOR THE LATENT CLASSES
BASED ON THEIR MOST LIKELY LATENT CLASS MEMBERSHIP

Class Counts and Proportions

    Latent
   Classes

       1                1          0.00971
       2               14          0.13592
       3               46          0.44660
       4               42          0.40777


CLASSIFICATION QUALITY

     Entropy                         0.904


Average Latent Class Probabilities for Most Likely Latent Class Membership (Row)
by Latent Class (Column)

           1        2        3        4

    1   0.951    0.000    0.002    0.047
    2   0.000    0.858    0.071    0.071
    3   0.000    0.050    0.950    0.000
    4   0.000    0.022    0.000    0.978


Classification Probabilities for the Most Likely Latent Class Membership (Column)
by Latent Class (Row)

           1        2        3        4

    1   1.000    0.000    0.000    0.000
    2   0.000    0.788    0.151    0.061
    3   0.000    0.022    0.978    0.000
    4   0.001    0.024    0.000    0.975


Logits for the Classification Probabilities for the Most Likely Latent Class Membership (Column)
by Latent Class (Row)

              1        2        3        4

    1     13.816    0.000    0.000    0.000
    2    -11.024    2.553    0.903    0.000
    3      3.588   10.006   13.793    0.000
    4     -6.765   -3.722   -8.139    0.000


MODEL RESULTS

                                                    Two-Tailed
                    Estimate       S.E.  Est./S.E.    P-Value

Latent Class 1

 Thresholds
    M1$1              15.000      0.000    999.000    999.000
    M2$1             -15.000      0.000    999.000    999.000
    M3$1             -15.000      0.000    999.000    999.000
    M4$1              15.000      0.000    999.000    999.000
    DISLIKE$1        -15.000      0.000    999.000    999.000
    PURSUE$1          15.000      0.000    999.000    999.000

Latent Class 2

 Thresholds
    M1$1             -15.000      0.000    999.000    999.000
    M2$1              -0.435      1.282     -0.339      0.734
    M3$1               0.674      1.411      0.478      0.633
    M4$1               0.046      0.962      0.048      0.962
    DISLIKE$1          2.480      1.159      2.140      0.032
    PURSUE$1          -0.634      0.739     -0.857      0.391

Latent Class 3

 Thresholds
    M1$1              -3.065      0.743     -4.125      0.000
    M2$1             -15.000      0.000    999.000    999.000
    M3$1             -15.000      0.000    999.000    999.000
    M4$1              -2.963      1.656     -1.790      0.074
    DISLIKE$1          2.680      0.637      4.206      0.000
    PURSUE$1          -1.060      0.403     -2.631      0.009

Latent Class 4

 Thresholds
    M1$1               2.546      1.384      1.840      0.066
    M2$1               2.528      0.602      4.200      0.000
    M3$1               2.886      0.732      3.942      0.000
    M4$1               2.544      0.610      4.170      0.000
    DISLIKE$1          0.005      0.365      0.014      0.988
    PURSUE$1           0.713      0.340      2.097      0.036

Categorical Latent Variables

 Means
    C#1               -3.791      1.068     -3.549      0.000
    C#2               -1.015      0.499     -2.034      0.042
    C#3                0.059      0.282      0.209      0.834


QUALITY OF NUMERICAL RESULTS

     Condition Number for the Information Matrix              0.121E-01
       (ratio of smallest to largest eigenvalue)


RESULTS IN PROBABILITY SCALE

                                                    Two-Tailed
                    Estimate       S.E.  Est./S.E.    P-Value

Latent Class 1

 M1
    Category 1         1.000      0.000      0.000      1.000
    Category 2         0.000      0.000      0.000      1.000
 M2
    Category 1         0.000      0.000      0.000      1.000
    Category 2         1.000      0.000      0.000      1.000
 M3
    Category 1         0.000      0.000      0.000      1.000
    Category 2         1.000      0.000      0.000      1.000
 M4
    Category 1         1.000      0.000      0.000      1.000
    Category 2         0.000      0.000      0.000      1.000
 DISLIKE
    Category 1         0.000      0.000      0.000      1.000
    Category 2         1.000      0.000      0.000      1.000
 PURSUE
    Category 1         1.000      0.000      0.000      1.000
    Category 2         0.000      0.000      0.000      1.000

Latent Class 2

 M1
    Category 1         0.000      0.000      0.000      1.000
    Category 2         1.000      0.000      0.000      1.000
 M2
    Category 1         0.393      0.306      1.285      0.199
    Category 2         0.607      0.306      1.985      0.047
 M3
    Category 1         0.662      0.315      2.100      0.036
    Category 2         0.338      0.315      1.070      0.285
 M4
    Category 1         0.512      0.240      2.127      0.033
    Category 2         0.488      0.240      2.032      0.042
 DISLIKE
    Category 1         0.923      0.083     11.167      0.000
    Category 2         0.077      0.083      0.935      0.350
 PURSUE
    Category 1         0.347      0.167      2.070      0.038
    Category 2         0.653      0.167      3.901      0.000

Latent Class 3

 M1
    Category 1         0.045      0.032      1.409      0.159
    Category 2         0.955      0.032     30.187      0.000
 M2
    Category 1         0.000      0.000      0.000      1.000
    Category 2         1.000      0.000      0.000      1.000
 M3
    Category 1         0.000      0.000      0.000      1.000
    Category 2         1.000      0.000      0.000      1.000
 M4
    Category 1         0.049      0.077      0.635      0.525
    Category 2         0.951      0.077     12.298      0.000
 DISLIKE
    Category 1         0.936      0.038     24.456      0.000
    Category 2         0.064      0.038      1.677      0.094
 PURSUE
    Category 1         0.257      0.077      3.343      0.001
    Category 2         0.743      0.077      9.646      0.000

Latent Class 4

 M1
    Category 1         0.927      0.093      9.945      0.000
    Category 2         0.073      0.093      0.779      0.436
 M2
    Category 1         0.926      0.041     22.471      0.000
    Category 2         0.074      0.041      1.794      0.073
 M3
    Category 1         0.947      0.037     25.849      0.000
    Category 2         0.053      0.037      1.442      0.149
 M4
    Category 1         0.927      0.041     22.508      0.000
    Category 2         0.073      0.041      1.768      0.077
 DISLIKE
    Category 1         0.501      0.091      5.488      0.000
    Category 2         0.499      0.091      5.460      0.000
 PURSUE
    Category 1         0.671      0.075      8.940      0.000
    Category 2         0.329      0.075      4.382      0.000


LATENT CLASS INDICATOR ODDS RATIOS FOR THE LATENT CLASSES

                                                95% C.I.
                    Estimate       S.E.  Lower 2.5% Upper 2.5%

Latent Class 1 Compared to Latent Class 2

 M1
    Category > 1       0.000      0.000      0.000      0.000
 M2
    Category > 1   *********      0.000  *********  *********
 M3
    Category > 1   *********      0.000  *********  *********
 M4
    Category > 1       0.000      0.000      0.000      0.000
 DISLIKE
    Category > 1   *********      0.000  *********  *********
 PURSUE
    Category > 1       0.000      0.000      0.000      0.000

Latent Class 1 Compared to Latent Class 3

 M1
    Category > 1       0.000      0.000      0.000      0.000
 M2
    Category > 1       1.000      0.000      1.000      1.000
 M3
    Category > 1       1.000      0.000      1.000      1.000
 M4
    Category > 1       0.000      0.000      0.000      0.000
 DISLIKE
    Category > 1   *********      0.000  *********  *********
 PURSUE
    Category > 1       0.000      0.000      0.000      0.000

Latent Class 1 Compared to Latent Class 4

 M1
    Category > 1       0.000      0.000      0.000      0.000
 M2
    Category > 1   *********      0.000  *********  *********
 M3
    Category > 1   *********      0.000  *********  *********
 M4
    Category > 1       0.000      0.000      0.000      0.000
 DISLIKE
    Category > 1   *********      0.000  *********  *********
 PURSUE
    Category > 1       0.000      0.000      0.000      0.000

Latent Class 2 Compared to Latent Class 3

 M1
    Category > 1   *********      0.000  *********  *********
 M2
    Category > 1       0.000      0.000      0.000      0.000
 M3
    Category > 1       0.000      0.000      0.000      0.000
 M4
    Category > 1       0.049      0.099      0.001      2.489
 DISLIKE
    Category > 1       1.221      1.704      0.079     18.841
 PURSUE
    Category > 1       0.653      0.622      0.101      4.224

Latent Class 2 Compared to Latent Class 4

 M1
    Category > 1   *********      0.000  *********  *********
 M2
    Category > 1      19.346     28.453      1.083    345.535
 M3
    Category > 1       9.134     14.877      0.375    222.355
 M4
    Category > 1      12.156     14.887      1.102    134.049
 DISLIKE
    Category > 1       0.084      0.108      0.007      1.035
 PURSUE
    Category > 1       3.844      3.207      0.749     19.725

Latent Class 3 Compared to Latent Class 4

 M1
    Category > 1     273.416    441.348     11.556   6469.319
 M2
    Category > 1   *********      0.000  *********  *********
 M3
    Category > 1   *********      0.000  *********  *********
 M4
    Category > 1     246.492    437.960      7.575   8020.895
 DISLIKE
    Category > 1       0.069      0.050      0.016      0.288
 PURSUE
    Category > 1       5.887      3.035      2.143     16.170


TECHNICAL 10 OUTPUT


     MODEL FIT INFORMATION FOR THE LATENT CLASS INDICATOR MODEL PART


     RESPONSE PATTERNS

     No.  Pattern    No.  Pattern    No.  Pattern    No.  Pattern
       1  000000       2  000010       3  111100       4  111111
       5  000100       6  000001       7  000011       8  011100
       9  111101      10  100001      11  111000      12  010000
      13  101000      14  011101      15  010001      16  110111
      17  111110      18  110001      19  110100      20  110101
      21  111001      22  100101      23  000110      24  100000
      25  001000      26  011010      27  101001      28  100010
      29  001011


     RESPONSE PATTERN FREQUENCIES AND CHI-SQUARE CONTRIBUTIONS

    Response          Frequency     Standardized  Chi-square Contribution
     Pattern    Observed  Estimated   Residual    Pearson   Loglikelihood  Deleted
                                     (z-score)
         1         9.00      10.69      -0.54       0.27        -3.09
         2        11.00      10.63       0.12       0.01         0.75
         3         9.00      10.26      -0.42       0.16        -2.36
         4         2.00       2.01      -0.01       0.00        -0.02
         5         1.00       0.84       0.18       0.03         0.35
         6         5.00       5.24      -0.11       0.01        -0.47
         7         6.00       5.21       0.35       0.12         1.69
         8         1.00       0.46       0.80       0.63         1.55
         9        30.00      29.13       0.19       0.03         1.77
        10         3.00       1.64       1.08       1.14         3.64
        11         2.00       1.02       0.97       0.94         2.69
        12         2.00       0.85       1.25       1.54         3.41
        13         1.00       0.38       1.01       1.02         1.95
        14         1.00       1.32      -0.28       0.08        -0.55
        15         1.00       0.42       0.90       0.81         1.74
        16         1.00       0.15       2.16       4.65         3.74
        17         1.00       0.71       0.34       0.12         0.68
        18         1.00       1.92      -0.67       0.44        -1.31
        19         2.00       0.96       1.06       1.11         2.92
        20         2.00       1.81       0.14       0.02         0.40
        21         2.00       2.42      -0.27       0.07        -0.77
        22         1.00       1.20      -0.19       0.03        -0.37
        23         2.00       0.83       1.28       1.63         3.49
        24         2.00       1.49       0.42       0.18         1.18
        25         1.00       0.60       0.52       0.27         1.03
        26         1.00       1.00       0.00       0.00         0.00
        27         1.00       0.65       0.44       0.19         0.87
        28         1.00       0.89       0.12       0.01         0.24
        29         1.00       0.29       1.32       1.73         2.47

     THE TOTAL PEARSON CHI-SQUARE CONTRIBUTION FROM EMPTY CELLS IS         7.98


     MOST FREQUENT RESPONSE PATTERNS AND CHI-SQUARE CONTRIBUTIONS

    Response          Frequency     Standardized  Chi-square Contribution
     Pattern    Observed  Estimated   Residual    Pearson   Loglikelihood
                                     (z-score)
         9        30.00      29.13       0.19       0.03         1.77
         2        11.00      10.63       0.12       0.01         0.75
         1         9.00      10.69      -0.54       0.27        -3.09
         3         9.00      10.26      -0.42       0.16        -2.36
         7         6.00       5.21       0.35       0.12         1.69
         6         5.00       5.24      -0.11       0.01        -0.47
        10         3.00       1.64       1.08       1.14         3.64
        23         2.00       0.83       1.28       1.63         3.49
         4         2.00       2.01      -0.01       0.00        -0.02
        19         2.00       0.96       1.06       1.11         2.92
        20         2.00       1.81       0.14       0.02         0.40
        21         2.00       2.42      -0.27       0.07        -0.77
        11         2.00       1.02       0.97       0.94         2.69
        12         2.00       0.85       1.25       1.54         3.41
        24         2.00       1.49       0.42       0.18         1.18
        15         1.00       0.42       0.90       0.81         1.74
        14         1.00       1.32      -0.28       0.08        -0.55
        13         1.00       0.38       1.01       1.02         1.95
        25         1.00       0.60       0.52       0.27         1.03
         5         1.00       0.84       0.18       0.03         0.35
     Number of Significant Standardized Residuals     0


     UNIVARIATE MODEL FIT INFORMATION

                               Estimated Probabilities
                                                  Standardized
     Variable              H1           H0          Residual
                                                   (z-score)
     M1
       Category 1        0.408        0.408           0.000
       Category 2        0.592        0.592           0.000
       Univariate Pearson Chi-Square                  0.000
       Univariate Log-Likelihood Chi-Square           0.000
       Number of Significant Standardized Residuals   0
     M2
       Category 1        0.437        0.437           0.000
       Category 2        0.563        0.563           0.000
       Univariate Pearson Chi-Square                  0.000
       Univariate Log-Likelihood Chi-Square           0.000
       Number of Significant Standardized Residuals   0
     M3
       Category 1        0.485        0.485           0.000
       Category 2        0.515        0.515           0.000
       Univariate Pearson Chi-Square                  0.000
       Univariate Log-Likelihood Chi-Square           0.000
       Number of Significant Standardized Residuals   0
     M4
       Category 1        0.485        0.485           0.000
       Category 2        0.515        0.515           0.000
       Univariate Pearson Chi-Square                  0.000
       Univariate Log-Likelihood Chi-Square           0.000
       Number of Significant Standardized Residuals   0
     DISLIKE
       Category 1        0.748        0.748           0.000
       Category 2        0.252        0.252           0.000
       Univariate Pearson Chi-Square                  0.000
       Univariate Log-Likelihood Chi-Square           0.000
       Number of Significant Standardized Residuals   0
     PURSUE
       Category 1        0.447        0.447           0.000
       Category 2        0.553        0.553           0.000
       Univariate Pearson Chi-Square                  0.000
       Univariate Log-Likelihood Chi-Square           0.000
       Number of Significant Standardized Residuals   0

       Overall Univariate Pearson Chi-Square                         0.000
       Overall Univariate Log-Likelihood Chi-Square                  0.000
       Overall Number of Significant Standardized Residuals          0


     BIVARIATE MODEL FIT INFORMATION

                                              Estimated Probabilities
                                                                 Standardized
     Variable       Variable              H1           H0          Residual
                                                                  (z-score)
     M1             M2
       Category 1     Category 1        0.350        0.351          -0.035
       Category 1     Category 2        0.058        0.057           0.072
       Category 2     Category 1        0.087        0.086           0.060
       Category 2     Category 2        0.505        0.506          -0.033
       Bivariate Pearson Chi-Square                                  0.009
       Bivariate Log-Likelihood Chi-Square                           0.009
       Number of Significant Standardized Residuals                  0
     M1             M3
       Category 1     Category 1        0.359        0.359           0.001
       Category 1     Category 2        0.049        0.049          -0.003
       Category 2     Category 1        0.126        0.126          -0.002
       Category 2     Category 2        0.466        0.466           0.001
       Bivariate Pearson Chi-Square                                  0.000
       Bivariate Log-Likelihood Chi-Square                           0.000
       Number of Significant Standardized Residuals                  0
     M1             M4
       Category 1     Category 1        0.359        0.362          -0.054
       Category 1     Category 2        0.049        0.046           0.123
       Category 2     Category 1        0.126        0.124           0.078
       Category 2     Category 2        0.466        0.469          -0.052
       Bivariate Pearson Chi-Square                                  0.023
       Bivariate Log-Likelihood Chi-Square                           0.023
       Number of Significant Standardized Residuals                  0
     M1             DISLIKE
       Category 1     Category 1        0.204        0.208          -0.108
       Category 1     Category 2        0.204        0.200           0.109
       Category 2     Category 1        0.544        0.539           0.088
       Category 2     Category 2        0.049        0.053          -0.196
       Bivariate Pearson Chi-Square                                  0.059
       Bivariate Log-Likelihood Chi-Square                           0.060
       Number of Significant Standardized Residuals                  0
     M1             PURSUE
       Category 1     Category 1        0.272        0.269           0.073
       Category 1     Category 2        0.136        0.139          -0.093
       Category 2     Category 1        0.175        0.178          -0.084
       Category 2     Category 2        0.417        0.414           0.066
       Bivariate Pearson Chi-Square                                  0.020
       Bivariate Log-Likelihood Chi-Square                           0.020
       Number of Significant Standardized Residuals                  0
     M2             M3
       Category 1     Category 1        0.398        0.397           0.017
       Category 1     Category 2        0.039        0.040          -0.043
       Category 2     Category 1        0.087        0.088          -0.030
       Category 2     Category 2        0.476        0.475           0.017
       Bivariate Pearson Chi-Square                                  0.003
       Bivariate Log-Likelihood Chi-Square                           0.003
       Number of Significant Standardized Residuals                  0
     M2             M4
       Category 1     Category 1        0.398        0.381           0.359
       Category 1     Category 2        0.039        0.056          -0.758
       Category 2     Category 1        0.087        0.105          -0.570
       Category 2     Category 2        0.476        0.459           0.350
       Bivariate Pearson Chi-Square                                  0.980
       Bivariate Log-Likelihood Chi-Square                           1.062
       Number of Significant Standardized Residuals                  0
     M2             DISLIKE
       Category 1     Category 1        0.233        0.244          -0.249
       Category 1     Category 2        0.204        0.193           0.271
       Category 2     Category 1        0.515        0.504           0.214
       Category 2     Category 2        0.049        0.059          -0.454
       Bivariate Pearson Chi-Square                                  0.323
       Bivariate Log-Likelihood Chi-Square                           0.335
       Number of Significant Standardized Residuals                  0
     M2             PURSUE
       Category 1     Category 1        0.272        0.274          -0.056
       Category 1     Category 2        0.165        0.163           0.067
       Category 2     Category 1        0.175        0.172           0.066
       Category 2     Category 2        0.388        0.391          -0.051
       Bivariate Pearson Chi-Square                                  0.011
       Bivariate Log-Likelihood Chi-Square                           0.011
       Number of Significant Standardized Residuals                  0
     M3             M4
       Category 1     Category 1        0.398        0.409          -0.232
       Category 1     Category 2        0.087        0.076           0.430
       Category 2     Category 1        0.087        0.076           0.430
       Category 2     Category 2        0.427        0.438          -0.230
       Bivariate Pearson Chi-Square                                  0.403
       Bivariate Log-Likelihood Chi-Square                           0.388
       Number of Significant Standardized Residuals                  0
     M3             DISLIKE
       Category 1     Category 1        0.282        0.285          -0.071
       Category 1     Category 2        0.204        0.201           0.080
       Category 2     Category 1        0.466        0.463           0.064
       Category 2     Category 2        0.049        0.052          -0.145
       Bivariate Pearson Chi-Square                                  0.031
       Bivariate Log-Likelihood Chi-Square                           0.031
       Number of Significant Standardized Residuals                  0
     M3             PURSUE
       Category 1     Category 1        0.291        0.294          -0.059
       Category 1     Category 2        0.194        0.192           0.068
       Category 2     Category 1        0.155        0.153           0.075
       Category 2     Category 2        0.359        0.362          -0.056
       Bivariate Pearson Chi-Square                                  0.013
       Bivariate Log-Likelihood Chi-Square                           0.013
       Number of Significant Standardized Residuals                  0
     M4             DISLIKE
       Category 1     Category 1        0.291        0.280           0.256
       Category 1     Category 2        0.194        0.206          -0.285
       Category 2     Category 1        0.456        0.468          -0.231
       Category 2     Category 2        0.058        0.047           0.544
       Bivariate Pearson Chi-Square                                  0.423
       Bivariate Log-Likelihood Chi-Square                           0.403
       Number of Significant Standardized Residuals                  0
     M4             PURSUE
       Category 1     Category 1        0.291        0.295          -0.092
       Category 1     Category 2        0.194        0.190           0.107
       Category 2     Category 1        0.155        0.151           0.117
       Category 2     Category 2        0.359        0.363          -0.087
       Bivariate Pearson Chi-Square                                  0.032
       Bivariate Log-Likelihood Chi-Square                           0.032
       Number of Significant Standardized Residuals                  0
     DISLIKE        PURSUE
       Category 1     Category 1        0.291        0.289           0.042
       Category 1     Category 2        0.456        0.458          -0.038
       Category 2     Category 1        0.155        0.157          -0.052
       Category 2     Category 2        0.097        0.095           0.064
       Bivariate Pearson Chi-Square                                  0.008
       Bivariate Log-Likelihood Chi-Square                           0.008
       Number of Significant Standardized Residuals                  0

       Overall Bivariate Pearson Chi-Square                          2.337
       Overall Bivariate Log-Likelihood Chi-Square                   2.397
       Overall Number of Significant Standardized Residuals          0


     UNIVARIATE DISTRIBUTION FIT FOR CLASS 1

     Variable          Observed      Estimated      Residual (Obs.-Est.)    Stand. Residual
     M1
       Category 1        1.000          1.000                  0.000                0.000
       Category 2        0.000          0.000                  0.000                0.000
     M2
       Category 1        0.000          0.000                  0.000                0.000
       Category 2        1.000          1.000                  0.000                0.000
     M3
       Category 1        0.000          0.000                  0.000                0.000
       Category 2        1.000          1.000                  0.000                0.000
     M4
       Category 1        1.000          1.000                  0.000                0.000
       Category 2        0.000          0.000                  0.000                0.000
     DISLIKE
       Category 1        0.000          0.000                  0.000                0.000
       Category 2        1.000          1.000                  0.000                0.000
     PURSUE
       Category 1        1.000          1.000                  0.000                0.000
       Category 2        0.000          0.000                  0.000                0.000


     BIVARIATE DISTRIBUTIONS FIT FOR CLASS 1

     Variable       Variable          Observed     Estimated    Residual (Obs.-Est.)  Stand. Residual
     M1             M2
       Category 1     Category 1        0.000       0.000             0.000            0.000
       Category 1     Category 2        1.000       1.000             0.000            0.000
       Category 2     Category 1        0.000       0.000             0.000            0.000
       Category 2     Category 2        0.000       0.000             0.000            0.000
     M1             M3
       Category 1     Category 1        0.000       0.000             0.000            0.000
       Category 1     Category 2        1.000       1.000             0.000            0.000
       Category 2     Category 1        0.000       0.000             0.000            0.000
       Category 2     Category 2        0.000       0.000             0.000            0.000
     M1             M4
       Category 1     Category 1        1.000       1.000             0.000            0.000
       Category 1     Category 2        0.000       0.000             0.000            0.000
       Category 2     Category 1        0.000       0.000             0.000            0.000
       Category 2     Category 2        0.000       0.000             0.000            0.000
     M1             DISLIKE
       Category 1     Category 1        0.000       0.000             0.000            0.000
       Category 1     Category 2        1.000       1.000             0.000            0.000
       Category 2     Category 1        0.000       0.000             0.000            0.000
       Category 2     Category 2        0.000       0.000             0.000            0.000
     M1             PURSUE
       Category 1     Category 1        1.000       1.000             0.000            0.000
       Category 1     Category 2        0.000       0.000             0.000            0.000
       Category 2     Category 1        0.000       0.000             0.000            0.000
       Category 2     Category 2        0.000       0.000             0.000            0.000
     M2             M3
       Category 1     Category 1        0.000       0.000             0.000            0.000
       Category 1     Category 2        0.000       0.000             0.000            0.000
       Category 2     Category 1        0.000       0.000             0.000            0.000
       Category 2     Category 2        1.000       1.000             0.000            0.000
     M2             M4
       Category 1     Category 1        0.000       0.000             0.000            0.000
       Category 1     Category 2        0.000       0.000             0.000            0.000
       Category 2     Category 1        1.000       1.000             0.000            0.000
       Category 2     Category 2        0.000       0.000             0.000            0.000
     M2             DISLIKE
       Category 1     Category 1        0.000       0.000             0.000            0.000
       Category 1     Category 2        0.000       0.000             0.000            0.000
       Category 2     Category 1        0.000       0.000             0.000            0.000
       Category 2     Category 2        1.000       1.000             0.000            0.000
     M2             PURSUE
       Category 1     Category 1        0.000       0.000             0.000            0.000
       Category 1     Category 2        0.000       0.000             0.000            0.000
       Category 2     Category 1        1.000       1.000             0.000            0.000
       Category 2     Category 2        0.000       0.000             0.000            0.000
     M3             M4
       Category 1     Category 1        0.000       0.000             0.000            0.000
       Category 1     Category 2        0.000       0.000             0.000            0.000
       Category 2     Category 1        1.000       1.000             0.000            0.000
       Category 2     Category 2        0.000       0.000             0.000            0.000
     M3             DISLIKE
       Category 1     Category 1        0.000       0.000             0.000            0.000
       Category 1     Category 2        0.000       0.000             0.000            0.000
       Category 2     Category 1        0.000       0.000             0.000            0.000
       Category 2     Category 2        1.000       1.000             0.000            0.000
     M3             PURSUE
       Category 1     Category 1        0.000       0.000             0.000            0.000
       Category 1     Category 2        0.000       0.000             0.000            0.000
       Category 2     Category 1        1.000       1.000             0.000            0.000
       Category 2     Category 2        0.000       0.000             0.000            0.000
     M4             DISLIKE
       Category 1     Category 1        0.000       0.000             0.000            0.000
       Category 1     Category 2        1.000       1.000             0.000            0.000
       Category 2     Category 1        0.000       0.000             0.000            0.000
       Category 2     Category 2        0.000       0.000             0.000            0.000
     M4             PURSUE
       Category 1     Category 1        1.000       1.000             0.000            0.000
       Category 1     Category 2        0.000       0.000             0.000            0.000
       Category 2     Category 1        0.000       0.000             0.000            0.000
       Category 2     Category 2        0.000       0.000             0.000            0.000
     DISLIKE        PURSUE
       Category 1     Category 1        0.000       0.000             0.000            0.000
       Category 1     Category 2        0.000       0.000             0.000            0.000
       Category 2     Category 1        1.000       1.000             0.000            0.000
       Category 2     Category 2        0.000       0.000             0.000            0.000


     UNIVARIATE DISTRIBUTION FIT FOR CLASS 2

     Variable          Observed      Estimated      Residual (Obs.-Est.)    Stand. Residual
     M1
       Category 1        0.000          0.000                  0.000                0.001
       Category 2        1.000          1.000                  0.000               -0.001
     M2
       Category 1        0.393          0.393                  0.000                0.000
       Category 2        0.607          0.607                  0.000                0.000
     M3
       Category 1        0.662          0.662                  0.000                0.000
       Category 2        0.338          0.338                  0.000                0.000
     M4
       Category 1        0.512          0.512                  0.000                0.000
       Category 2        0.488          0.488                  0.000                0.000
     DISLIKE
       Category 1        0.923          0.923                  0.000                0.000
       Category 2        0.077          0.077                  0.000                0.000
     PURSUE
       Category 1        0.347          0.347                  0.000                0.000
       Category 2        0.653          0.653                  0.000                0.000


     BIVARIATE DISTRIBUTIONS FIT FOR CLASS 2

     Variable       Variable          Observed     Estimated    Residual (Obs.-Est.)  Stand. Residual
     M1             M2
       Category 1     Category 1        0.000       0.000             0.000            0.000
       Category 1     Category 2        0.000       0.000             0.000            0.001
       Category 2     Category 1        0.393       0.393             0.000            0.000
       Category 2     Category 2        0.607       0.607             0.000            0.000
     M1             M3
       Category 1     Category 1        0.000       0.000             0.000            0.001
       Category 1     Category 2        0.000       0.000             0.000            0.000
       Category 2     Category 1        0.662       0.662             0.000            0.000
       Category 2     Category 2        0.338       0.338             0.000            0.000
     M1             M4
       Category 1     Category 1        0.000       0.000             0.000            0.001
       Category 1     Category 2        0.000       0.000             0.000            0.000
       Category 2     Category 1        0.512       0.512             0.000            0.000
       Category 2     Category 2        0.488       0.488             0.000            0.000
     M1             DISLIKE
       Category 1     Category 1        0.000       0.000             0.000            0.001
       Category 1     Category 2        0.000       0.000             0.000            0.000
       Category 2     Category 1        0.923       0.923             0.000            0.000
       Category 2     Category 2        0.077       0.077             0.000            0.000
     M1             PURSUE
       Category 1     Category 1        0.000       0.000             0.000            0.000
       Category 1     Category 2        0.000       0.000             0.000            0.001
       Category 2     Category 1        0.347       0.347             0.000            0.000
       Category 2     Category 2        0.653       0.653             0.000            0.000
     M2             M3
       Category 1     Category 1        0.272       0.260             0.012            0.107
       Category 1     Category 2        0.121       0.133            -0.012           -0.138
       Category 2     Category 1        0.390       0.402            -0.012           -0.096
       Category 2     Category 2        0.217       0.205             0.012            0.116
     M2             M4
       Category 1     Category 1        0.329       0.201             0.128            1.249
       Category 1     Category 2        0.064       0.192            -0.128           -1.271
       Category 2     Category 1        0.182       0.311            -0.128           -1.082
       Category 2     Category 2        0.425       0.297             0.128            1.096
     M2             DISLIKE
       Category 1     Category 1        0.389       0.363             0.026            0.214
       Category 1     Category 2        0.004       0.030            -0.026           -0.600
       Category 2     Category 1        0.534       0.560            -0.026           -0.207
       Category 2     Category 2        0.073       0.047             0.026            0.487
     M2             PURSUE
       Category 1     Category 1        0.119       0.136            -0.018           -0.199
       Category 1     Category 2        0.274       0.257             0.018            0.156
       Category 2     Category 1        0.228       0.210             0.018            0.168
       Category 2     Category 2        0.379       0.397            -0.018           -0.140
     M3             M4
       Category 1     Category 1        0.273       0.339            -0.066           -0.544
       Category 1     Category 2        0.389       0.324             0.066            0.550
       Category 2     Category 1        0.239       0.173             0.066            0.681
       Category 2     Category 2        0.099       0.165            -0.066           -0.693
     M3             DISLIKE
       Category 1     Category 1        0.594       0.611            -0.017           -0.139
       Category 1     Category 2        0.068       0.051             0.017            0.306
       Category 2     Category 1        0.329       0.311             0.017            0.146
       Category 2     Category 2        0.009       0.026            -0.017           -0.424
     M3             PURSUE
       Category 1     Category 1        0.192       0.230            -0.038           -0.353
       Category 1     Category 2        0.471       0.433             0.038            0.300
       Category 2     Category 1        0.155       0.117             0.038            0.462
       Category 2     Category 2        0.183       0.221            -0.038           -0.358
     M4             DISLIKE
       Category 1     Category 1        0.508       0.472             0.035            0.278
       Category 1     Category 2        0.004       0.040            -0.035           -0.712
       Category 2     Category 1        0.415       0.451            -0.035           -0.279
       Category 2     Category 2        0.073       0.038             0.035            0.728
     M4             PURSUE
       Category 1     Category 1        0.184       0.177             0.007            0.073
       Category 1     Category 2        0.327       0.334            -0.007           -0.059
       Category 2     Category 1        0.162       0.169            -0.007           -0.074
       Category 2     Category 2        0.326       0.319             0.007            0.060
     DISLIKE        PURSUE
       Category 1     Category 1        0.339       0.320             0.019            0.159
       Category 1     Category 2        0.584       0.603            -0.019           -0.152
       Category 2     Category 1        0.008       0.027            -0.019           -0.460
       Category 2     Category 2        0.069       0.050             0.019            0.339


     UNIVARIATE DISTRIBUTION FIT FOR CLASS 3

     Variable          Observed      Estimated      Residual (Obs.-Est.)    Stand. Residual
     M1
       Category 1        0.045          0.045                  0.000                0.000
       Category 2        0.955          0.955                  0.000                0.000
     M2
       Category 1        0.000          0.000                  0.000                0.000
       Category 2        1.000          1.000                  0.000                0.000
     M3
       Category 1        0.000          0.000                  0.000                0.003
       Category 2        1.000          1.000                  0.000               -0.003
     M4
       Category 1        0.049          0.049                  0.000                0.000
       Category 2        0.951          0.951                  0.000                0.000
     DISLIKE
       Category 1        0.936          0.936                  0.000                0.000
       Category 2        0.064          0.064                  0.000                0.000
     PURSUE
       Category 1        0.257          0.257                  0.000                0.000
       Category 2        0.743          0.743                  0.000                0.000


     BIVARIATE DISTRIBUTIONS FIT FOR CLASS 3

     Variable       Variable          Observed     Estimated    Residual (Obs.-Est.)  Stand. Residual
     M1             M2
       Category 1     Category 1        0.000       0.000             0.000            0.000
       Category 1     Category 2        0.045       0.045             0.000            0.000
       Category 2     Category 1        0.000       0.000             0.000            0.000
       Category 2     Category 2        0.955       0.955             0.000            0.000
     M1             M3
       Category 1     Category 1        0.000       0.000             0.000            0.000
       Category 1     Category 2        0.045       0.045             0.000            0.000
       Category 2     Category 1        0.000       0.000             0.000            0.003
       Category 2     Category 2        0.955       0.955             0.000            0.000
     M1             M4
       Category 1     Category 1        0.000       0.002            -0.002           -0.308
       Category 1     Category 2        0.045       0.042             0.002            0.071
       Category 2     Category 1        0.049       0.047             0.002            0.068
       Category 2     Category 2        0.906       0.908            -0.002           -0.050
     M1             DISLIKE
       Category 1     Category 1        0.045       0.042             0.003            0.094
       Category 1     Category 2        0.000       0.003            -0.003           -0.354
       Category 2     Category 1        0.891       0.894            -0.003           -0.061
       Category 2     Category 2        0.064       0.061             0.003            0.079
     M1             PURSUE
       Category 1     Category 1        0.022       0.011             0.011            0.675
       Category 1     Category 2        0.022       0.033            -0.011           -0.402
       Category 2     Category 1        0.235       0.246            -0.011           -0.167
       Category 2     Category 2        0.720       0.710             0.011            0.158
     M2             M3
       Category 1     Category 1        0.000       0.000             0.000            0.000
       Category 1     Category 2        0.000       0.000             0.000            0.000
       Category 2     Category 1        0.000       0.000             0.000            0.003
       Category 2     Category 2        1.000       1.000             0.000           -0.003
     M2             M4
       Category 1     Category 1        0.000       0.000             0.000            0.000
       Category 1     Category 2        0.000       0.000             0.000            0.000
       Category 2     Category 1        0.049       0.049             0.000            0.000
       Category 2     Category 2        0.951       0.951             0.000            0.000
     M2             DISLIKE
       Category 1     Category 1        0.000       0.000             0.000            0.000
       Category 1     Category 2        0.000       0.000             0.000            0.000
       Category 2     Category 1        0.936       0.936             0.000            0.000
       Category 2     Category 2        0.064       0.064             0.000            0.000
     M2             PURSUE
       Category 1     Category 1        0.000       0.000             0.000            0.000
       Category 1     Category 2        0.000       0.000             0.000            0.000
       Category 2     Category 1        0.257       0.257             0.000            0.000
       Category 2     Category 2        0.743       0.743             0.000            0.000
     M3             M4
       Category 1     Category 1        0.000       0.000             0.000            0.000
       Category 1     Category 2        0.000       0.000             0.000            0.003
       Category 2     Category 1        0.049       0.049             0.000            0.000
       Category 2     Category 2        0.951       0.951             0.000            0.000
     M3             DISLIKE
       Category 1     Category 1        0.000       0.000             0.000            0.002
       Category 1     Category 2        0.000       0.000             0.000            0.001
       Category 2     Category 1        0.936       0.936             0.000            0.000
       Category 2     Category 2        0.064       0.064             0.000            0.000
     M3             PURSUE
       Category 1     Category 1        0.000       0.000             0.000            0.001
       Category 1     Category 2        0.000       0.000             0.000            0.002
       Category 2     Category 1        0.257       0.257             0.000            0.000
       Category 2     Category 2        0.743       0.743             0.000            0.000
     M4             DISLIKE
       Category 1     Category 1        0.049       0.046             0.003            0.099
       Category 1     Category 2        0.000       0.003            -0.003           -0.371
       Category 2     Category 1        0.887       0.890            -0.003           -0.067
       Category 2     Category 2        0.064       0.061             0.003            0.087
     M4             PURSUE
       Category 1     Category 1        0.022       0.013             0.010            0.571
       Category 1     Category 2        0.027       0.036            -0.010           -0.341
       Category 2     Category 1        0.235       0.245            -0.010           -0.148
       Category 2     Category 2        0.716       0.706             0.010            0.140
     DISLIKE        PURSUE
       Category 1     Category 1        0.236       0.241            -0.005           -0.072
       Category 1     Category 2        0.700       0.695             0.005            0.067
       Category 2     Category 1        0.021       0.017             0.005            0.242
       Category 2     Category 2        0.043       0.048            -0.005           -0.145


     UNIVARIATE DISTRIBUTION FIT FOR CLASS 4

     Variable          Observed      Estimated      Residual (Obs.-Est.)    Stand. Residual
     M1
       Category 1        0.927          0.927                  0.000                0.000
       Category 2        0.073          0.073                  0.000                0.000
     M2
       Category 1        0.926          0.926                  0.000                0.000
       Category 2        0.074          0.074                  0.000                0.000
     M3
       Category 1        0.947          0.947                  0.000                0.000
       Category 2        0.053          0.053                  0.000                0.000
     M4
       Category 1        0.927          0.927                  0.000                0.000
       Category 2        0.073          0.073                  0.000                0.000
     DISLIKE
       Category 1        0.501          0.501                  0.000                0.000
       Category 2        0.499          0.499                  0.000                0.000
     PURSUE
       Category 1        0.671          0.671                  0.000                0.000
       Category 2        0.329          0.329                  0.000                0.000


     BIVARIATE DISTRIBUTIONS FIT FOR CLASS 4

     Variable       Variable          Observed     Estimated    Residual (Obs.-Est.)  Stand. Residual
     M1             M2
       Category 1     Category 1        0.855       0.859            -0.004           -0.075
       Category 1     Category 2        0.073       0.069             0.004            0.103
       Category 2     Category 1        0.071       0.067             0.004            0.104
       Category 2     Category 2        0.001       0.005            -0.004           -0.356
     M1             M3
       Category 1     Category 1        0.878       0.878             0.000            0.003
       Category 1     Category 2        0.049       0.049             0.000           -0.005
       Category 2     Category 1        0.069       0.069             0.000           -0.004
       Category 2     Category 2        0.004       0.004             0.000            0.018
     M1             M4
       Category 1     Category 1        0.856       0.860            -0.004           -0.073
       Category 1     Category 2        0.071       0.068             0.004            0.101
       Category 2     Category 1        0.071       0.067             0.004            0.101
       Category 2     Category 2        0.001       0.005            -0.004           -0.350
     M1             DISLIKE
       Category 1     Category 1        0.451       0.465            -0.014           -0.176
       Category 1     Category 2        0.476       0.462             0.014            0.176
       Category 2     Category 1        0.050       0.036             0.014            0.469
       Category 2     Category 2        0.023       0.036            -0.014           -0.470
     M1             PURSUE
       Category 1     Category 1        0.619       0.622            -0.004           -0.049
       Category 1     Category 2        0.309       0.305             0.004            0.051
       Category 2     Category 1        0.052       0.049             0.004            0.110
       Category 2     Category 2        0.020       0.024            -0.004           -0.155
     M2             M3
       Category 1     Category 1        0.875       0.877            -0.002           -0.046
       Category 1     Category 2        0.051       0.049             0.002            0.070
       Category 2     Category 1        0.072       0.070             0.002            0.059
       Category 2     Category 2        0.002       0.004            -0.002           -0.242
     M2             M4
       Category 1     Category 1        0.854       0.859            -0.004           -0.082
       Category 1     Category 2        0.072       0.067             0.004            0.114
       Category 2     Category 1        0.073       0.069             0.004            0.113
       Category 2     Category 2        0.001       0.005            -0.004           -0.392
     M2             DISLIKE
       Category 1     Category 1        0.429       0.464            -0.035           -0.460
       Category 1     Category 2        0.497       0.462             0.035            0.460
       Category 2     Category 1        0.072       0.037             0.035            1.214
       Category 2     Category 2        0.002       0.037            -0.035           -1.217
     M2             PURSUE
       Category 1     Category 1        0.622       0.621             0.000            0.005
       Category 1     Category 2        0.304       0.305             0.000           -0.005
       Category 2     Category 1        0.049       0.050             0.000           -0.011
       Category 2     Category 2        0.025       0.024             0.000            0.015
     M3             M4
       Category 1     Category 1        0.875       0.878            -0.004           -0.071
       Category 1     Category 2        0.073       0.069             0.004            0.092
       Category 2     Category 1        0.053       0.049             0.004            0.108
       Category 2     Category 2        0.000       0.004            -0.004           -0.377
     M3             DISLIKE
       Category 1     Category 1        0.473       0.475            -0.001           -0.019
       Category 1     Category 2        0.474       0.472             0.001            0.019
       Category 2     Category 1        0.028       0.026             0.001            0.059
       Category 2     Category 2        0.025       0.026            -0.001           -0.060
     M3             PURSUE
       Category 1     Category 1        0.643       0.636             0.007            0.098
       Category 1     Category 2        0.304       0.312            -0.007           -0.102
       Category 2     Category 1        0.028       0.035            -0.007           -0.255
       Category 2     Category 2        0.025       0.017             0.007            0.361
     M4             DISLIKE
       Category 1     Category 1        0.476       0.465             0.012            0.151
       Category 1     Category 2        0.451       0.462            -0.012           -0.151
       Category 2     Category 1        0.025       0.037            -0.012           -0.400
       Category 2     Category 2        0.048       0.036             0.012            0.401
     M4             PURSUE
       Category 1     Category 1        0.599       0.622            -0.023           -0.305
       Category 1     Category 2        0.328       0.305             0.023            0.322
       Category 2     Category 1        0.072       0.049             0.023            0.687
       Category 2     Category 2        0.001       0.024            -0.023           -0.968
     DISLIKE        PURSUE
       Category 1     Category 1        0.339       0.336             0.003            0.035
       Category 1     Category 2        0.162       0.165            -0.003           -0.045
       Category 2     Category 1        0.332       0.335            -0.003           -0.035
       Category 2     Category 2        0.167       0.164             0.003            0.045


TECHNICAL 11 OUTPUT

     Random Starts Specifications for the k-1 Class Analysis Model
        Number of initial stage random starts                  20
        Number of final stage optimizations                     4



     VUONG-LO-MENDELL-RUBIN LIKELIHOOD RATIO TEST FOR 3 (H0) VERSUS 4 CLASSES



     WARNING:  THE LIKELIHOOD RATIO TEST COMPUTATION FOR TECH11 DID NOT
     TERMINATE NORMALLY BECAUSE THE LOGLIKELIHOOD VALUE FOR THE MODEL WITH ONE
     LESS CLASS IS LARGER THAN THE LOGLIKELIHOOD VALUE FOR THE ESTIMATED MODEL.
     USING MORE RANDOM STARTS MAY RESOLVE THE PROBLEM.

          H0 Loglikelihood Value                         -288.381
          2 Times the Loglikelihood Difference             -3.352
          Difference in the Number of Parameters                7
          Mean                                              7.724
          Standard Deviation                               10.327
          P-Value                                          0.9469

     LO-MENDELL-RUBIN ADJUSTED LRT TEST

          Value                                            -3.252
          P-Value                                          0.9447


TECHNICAL 14 OUTPUT

     Random Starts Specifications for the k-1 Class Analysis Model
        Number of initial stage random starts                  20
        Number of final stage optimizations                     4

     Random Starts Specification for the k-1 Class Model for Generated Data
        Number of initial stage random starts                   0
        Number of final stage optimizations for the
           initial stage random starts                          0
     Random Starts Specification for the k Class Model for Generated Data
        Number of initial stage random starts                  40
        Number of final stage optimizations                     8
     Number of bootstrap draws requested                   Varies


     PARAMETRIC BOOTSTRAPPED LIKELIHOOD RATIO TEST FOR 3 (H0) VERSUS 4 CLASSES



     WARNING:  THE LIKELIHOOD RATIO TEST COMPUTATION FOR TECH14 DID NOT
     TERMINATE NORMALLY BECAUSE THE LOGLIKELIHOOD VALUE FOR THE MODEL WITH ONE
     LESS CLASS IS LARGER THAN THE LOGLIKELIHOOD VALUE FOR THE ESTIMATED MODEL.
     INCREASE THE NUMBER OF RANDOM STARTS USING THE LRTSTARTS OPTION.

          H0 Loglikelihood Value                         -288.381
          2 Times the Loglikelihood Difference             -3.352
          Difference in the Number of Parameters                7
          Approximate P-Value                              1.0000
          Successful Bootstrap Draws                            0


SAVEDATA INFORMATION


  Save file
    savedata.dat

  Order and format of variables

    M1             F10.3
    M2             F10.3
    M3             F10.3
    M4             F10.3
    DISLIKE        F10.3
    PURSUE         F10.3
    CPROB1         F10.3
    CPROB2         F10.3
    CPROB3         F10.3
    CPROB4         F10.3
    C              F10.3

  Save file format
    11F10.3

  Save file record length    10000

  Save missing symbol        *


  Response Patterns

  Save file
    resp_patterns.dat
  Save format      Free

  Order of information saved

    Frequency
    M1
    M2
    M3
    M4
    DISLIKE
    PURSUE
    CPROB1
    CPROB2
    CPROB3
    CPROB4
    C

     Beginning Time:  19:33:24
        Ending Time:  19:33:25
       Elapsed Time:  00:00:01



MUTHEN & MUTHEN
3463 Stoner Ave.
Los Angeles, CA  90066

Tel: (310) 391-9971
Fax: (310) 391-8971
Web: www.StatModel.com
Support: Support@StatModel.com

Copyright (c) 1998-2024 Muthen & Muthen
