Mplus VERSION 8.11 (Mac)
MUTHEN & MUTHEN
08/29/2024  11:48 PM

INPUT INSTRUCTIONS

  TITLE:
  REIMS Mathematics Identity Model 2
  DATA:
  FILE = "/Users/nathanalexander/Dropbox/Projects/immerse/reims/mplus/reims1.dat";

  VARIABLE:
  NAMES = m1 m2 m3 m4 dislike pursue boys;
   MISSING=.;
   categorical = m1 m2 m3 m4 dislike pursue;
    usevar = m1-pursue;
    classes = c(4);
  ANALYSIS:
  estimator = mlr;
      type = mixture;
  OUTPUT:
  tech11 tech14;
  PLOT:
  type = plot3;
      series = m1-pursue(*);



INPUT READING TERMINATED NORMALLY




REIMS Mathematics Identity Model 2

SUMMARY OF ANALYSIS

Number of groups                                                 1
Number of observations                                         103

Number of dependent variables                                    6
Number of independent variables                                  0
Number of continuous latent variables                            0
Number of categorical latent variables                           1

Observed dependent variables

  Binary and ordered categorical (ordinal)
   M1          M2          M3          M4          DISLIKE     PURSUE

Categorical latent variables
   C


Estimator                                                      MLR
Information matrix                                        OBSERVED
Optimization Specifications for the Quasi-Newton Algorithm for
Continuous Outcomes
  Maximum number of iterations                                 100
  Convergence criterion                                  0.100D-05
Optimization Specifications for the EM Algorithm
  Maximum number of iterations                                 500
  Convergence criteria
    Loglikelihood change                                 0.100D-06
    Relative loglikelihood change                        0.100D-06
    Derivative                                           0.100D-05
Optimization Specifications for the M step of the EM Algorithm for
Categorical Latent variables
  Number of M step iterations                                    1
  M step convergence criterion                           0.100D-05
  Basis for M step termination                           ITERATION
Optimization Specifications for the M step of the EM Algorithm for
Censored, Binary or Ordered Categorical (Ordinal), Unordered
Categorical (Nominal) and Count Outcomes
  Number of M step iterations                                    1
  M step convergence criterion                           0.100D-05
  Basis for M step termination                           ITERATION
  Maximum value for logit thresholds                            15
  Minimum value for logit thresholds                           -15
  Minimum expected cell size for chi-square              0.100D-01
Maximum number of iterations for H1                           2000
Convergence criterion for H1                             0.100D-03
Optimization algorithm                                         EMA
Random Starts Specifications
  Number of initial stage random starts                         20
  Number of final stage optimizations                            4
  Number of initial stage iterations                            10
  Initial stage convergence criterion                    0.100D+01
  Random starts scale                                    0.500D+01
  Random seed for generating random starts                       0
Link                                                         LOGIT

Input data file(s)
  /Users/nathanalexander/Dropbox/Projects/immerse/reims/mplus/reims1.dat
Input data format  FREE


SUMMARY OF DATA

     Number of missing data patterns             1
     Number of y missing data patterns           0
     Number of u missing data patterns           1


COVARIANCE COVERAGE OF DATA

Minimum covariance coverage value   0.100


UNIVARIATE PROPORTIONS AND COUNTS FOR CATEGORICAL VARIABLES

    M1
      Category 1    0.408           42.000
      Category 2    0.592           61.000
    M2
      Category 1    0.437           45.000
      Category 2    0.563           58.000
    M3
      Category 1    0.485           50.000
      Category 2    0.515           53.000
    M4
      Category 1    0.485           50.000
      Category 2    0.515           53.000
    DISLIKE
      Category 1    0.748           77.000
      Category 2    0.252           26.000
    PURSUE
      Category 1    0.447           46.000
      Category 2    0.553           57.000


RANDOM STARTS RESULTS RANKED FROM THE BEST TO THE WORST LOGLIKELIHOOD VALUES

Final stage loglikelihood values at local maxima, seeds, and initial stage start numbers:

            -286.088  27071            15
            -286.088  650371           14
            -286.469  608496           4
            -287.617  107446           12



THE BEST LOGLIKELIHOOD VALUE HAS BEEN REPLICATED.  RERUN WITH AT LEAST TWICE THE
RANDOM STARTS TO CHECK THAT THE BEST LOGLIKELIHOOD IS STILL OBTAINED AND REPLICATED.

     IN THE OPTIMIZATION, ONE OR MORE LOGIT THRESHOLDS APPROACHED EXTREME VALUES
     OF -15.000 AND 15.000 AND WERE FIXED TO STABILIZE MODEL ESTIMATION.  THESE
     VALUES IMPLY PROBABILITIES OF 0 AND 1.  IN THE MODEL RESULTS SECTION, THESE
     PARAMETERS HAVE 0 STANDARD ERRORS AND 999 IN THE Z-SCORE AND P-VALUE COLUMNS.




THE MODEL ESTIMATION TERMINATED NORMALLY



MODEL FIT INFORMATION

Number of Free Parameters                       27

Loglikelihood

          H0 Value                        -286.088
          H0 Scaling Correction Factor      0.9849
            for MLR

Information Criteria

          Akaike (AIC)                     626.177
          Bayesian (BIC)                   697.314
          Sample-Size Adjusted BIC         612.026
            (n* = (n + 2) / 24)

Chi-Square Test of Model Fit for the Binary and Ordered Categorical
(Ordinal) Outcomes

          Pearson Chi-Square

          Value                             21.029
          Degrees of Freedom                    36
          P-Value                           0.9779

          Likelihood Ratio Chi-Square

          Value                             19.716
          Degrees of Freedom                    36
          P-Value                           0.9874



FINAL CLASS COUNTS AND PROPORTIONS FOR THE LATENT CLASSES
BASED ON THE ESTIMATED MODEL

    Latent
   Classes

       1         53.00239          0.51459
       2          8.71721          0.08463
       3         28.73336          0.27896
       4         12.54705          0.12182


FINAL CLASS COUNTS AND PROPORTIONS FOR THE LATENT CLASSES
BASED ON ESTIMATED POSTERIOR PROBABILITIES

    Latent
   Classes

       1         53.00239          0.51459
       2          8.71721          0.08463
       3         28.73336          0.27896
       4         12.54705          0.12182


FINAL CLASS COUNTS AND PROPORTIONS FOR THE LATENT CLASSES
BASED ON THEIR MOST LIKELY LATENT CLASS MEMBERSHIP

Class Counts and Proportions

    Latent
   Classes

       1               53          0.51456
       2                9          0.08738
       3               26          0.25243
       4               15          0.14563


CLASSIFICATION QUALITY

     Entropy                         0.883


Average Latent Class Probabilities for Most Likely Latent Class Membership (Row)
by Latent Class (Column)

           1        2        3        4

    1   0.992    0.008    0.000    0.000
    2   0.041    0.922    0.000    0.037
    3   0.002    0.000    0.896    0.102
    4   0.000    0.000    0.362    0.638


Classification Probabilities for the Most Likely Latent Class Membership (Column)
by Latent Class (Row)

           1        2        3        4

    1   0.992    0.007    0.001    0.000
    2   0.048    0.952    0.000    0.000
    3   0.000    0.000    0.811    0.189
    4   0.000    0.026    0.211    0.763


Logits for the Classification Probabilities for the Most Likely Latent Class Membership (Column)
by Latent Class (Row)

              1        2        3        4

    1     13.808    8.857    6.822    0.000
    2     10.779   13.766    0.000    0.000
    3    -12.149  -12.149    1.458    0.000
    4    -13.545   -3.371   -1.287    0.000


MODEL RESULTS

                                                    Two-Tailed
                    Estimate       S.E.  Est./S.E.    P-Value

Latent Class 1

 Thresholds
    M1$1              -3.214      0.722     -4.454      0.000
    M2$1             -15.000      0.000    999.000    999.000
    M3$1              -2.198      0.486     -4.523      0.000
    M4$1              -2.470      0.611     -4.043      0.000
    DISLIKE$1          2.498      0.520      4.799      0.000
    PURSUE$1          -0.947      0.309     -3.061      0.002

Latent Class 2

 Thresholds
    M1$1             -15.000      0.000    999.000    999.000
    M2$1               1.992      1.866      1.068      0.286
    M3$1               1.012      0.849      1.192      0.233
    M4$1               1.904      1.077      1.768      0.077
    DISLIKE$1         15.000      0.000    999.000    999.000
    PURSUE$1          -0.699      0.797     -0.877      0.381

Latent Class 3

 Thresholds
    M1$1              15.000      0.000    999.000    999.000
    M2$1               1.836      0.564      3.256      0.001
    M3$1               2.160      0.642      3.365      0.001
    M4$1              15.000      0.000    999.000    999.000
    DISLIKE$1          0.135      0.432      0.313      0.754
    PURSUE$1           0.193      0.446      0.432      0.666

Latent Class 4

 Thresholds
    M1$1               2.133      1.010      2.113      0.035
    M2$1              15.000      0.000    999.000    999.000
    M3$1              15.000      0.000    999.000    999.000
    M4$1               1.158      0.808      1.432      0.152
    DISLIKE$1         -0.769      0.979     -0.786      0.432
    PURSUE$1          15.000      0.000    999.000    999.000

Categorical Latent Variables

 Means
    C#1                1.441      0.530      2.718      0.007
    C#2               -0.364      0.662     -0.550      0.582
    C#3                0.829      0.689      1.203      0.229


QUALITY OF NUMERICAL RESULTS

     Condition Number for the Information Matrix              0.383E-02
       (ratio of smallest to largest eigenvalue)


RESULTS IN PROBABILITY SCALE

                                                    Two-Tailed
                    Estimate       S.E.  Est./S.E.    P-Value

Latent Class 1

 M1
    Category 1         0.039      0.027      1.442      0.149
    Category 2         0.961      0.027     35.856      0.000
 M2
    Category 1         0.000      0.000      0.000      1.000
    Category 2         1.000      0.000      0.000      1.000
 M3
    Category 1         0.100      0.044      2.286      0.022
    Category 2         0.900      0.044     20.588      0.000
 M4
    Category 1         0.078      0.044      1.775      0.076
    Category 2         0.922      0.044     20.990      0.000
 DISLIKE
    Category 1         0.924      0.037     25.280      0.000
    Category 2         0.076      0.037      2.079      0.038
 PURSUE
    Category 1         0.279      0.062      4.486      0.000
    Category 2         0.721      0.062     11.565      0.000

Latent Class 2

 M1
    Category 1         0.000      0.000      0.000      1.000
    Category 2         1.000      0.000      0.000      1.000
 M2
    Category 1         0.880      0.197      4.466      0.000
    Category 2         0.120      0.197      0.609      0.542
 M3
    Category 1         0.733      0.166      4.418      0.000
    Category 2         0.267      0.166      1.606      0.108
 M4
    Category 1         0.870      0.122      7.161      0.000
    Category 2         0.130      0.122      1.067      0.286
 DISLIKE
    Category 1         1.000      0.000      0.000      1.000
    Category 2         0.000      0.000      0.000      1.000
 PURSUE
    Category 1         0.332      0.177      1.878      0.060
    Category 2         0.668      0.177      3.777      0.000

Latent Class 3

 M1
    Category 1         1.000      0.000      0.000      1.000
    Category 2         0.000      0.000      0.000      1.000
 M2
    Category 1         0.862      0.067     12.897      0.000
    Category 2         0.138      0.067      2.056      0.040
 M3
    Category 1         0.897      0.060     15.067      0.000
    Category 2         0.103      0.060      1.738      0.082
 M4
    Category 1         1.000      0.000      0.000      1.000
    Category 2         0.000      0.000      0.000      1.000
 DISLIKE
    Category 1         0.534      0.107      4.967      0.000
    Category 2         0.466      0.107      4.339      0.000
 PURSUE
    Category 1         0.548      0.110      4.961      0.000
    Category 2         0.452      0.110      4.092      0.000

Latent Class 4

 M1
    Category 1         0.894      0.096      9.352      0.000
    Category 2         0.106      0.096      1.108      0.268
 M2
    Category 1         1.000      0.000      0.000      1.000
    Category 2         0.000      0.000      0.000      1.000
 M3
    Category 1         1.000      0.000      0.000      1.000
    Category 2         0.000      0.000      0.000      1.000
 M4
    Category 1         0.761      0.147      5.173      0.000
    Category 2         0.239      0.147      1.626      0.104
 DISLIKE
    Category 1         0.317      0.212      1.494      0.135
    Category 2         0.683      0.212      3.226      0.001
 PURSUE
    Category 1         1.000      0.000      0.000      1.000
    Category 2         0.000      0.000      0.000      1.000


LATENT CLASS INDICATOR ODDS RATIOS FOR THE LATENT CLASSES

                                                95% C.I.
                    Estimate       S.E.  Lower 2.5% Upper 2.5%

Latent Class 1 Compared to Latent Class 2

 M1
    Category > 1       0.000      0.000      0.000      0.000
 M2
    Category > 1   *********      0.000  *********  *********
 M3
    Category > 1      24.777     24.058      3.694    166.182
 M4
    Category > 1      79.376     99.663      6.775    929.950
 DISLIKE
    Category > 1   *********      0.000  *********  *********
 PURSUE
    Category > 1       1.282      1.107      0.236      6.966

Latent Class 1 Compared to Latent Class 3

 M1
    Category > 1   *********      0.000  *********  *********
 M2
    Category > 1   *********      0.000  *********  *********
 M3
    Category > 1      78.067     62.725     16.163    377.054
 M4
    Category > 1   *********      0.000  *********  *********
 DISLIKE
    Category > 1       0.094      0.064      0.025      0.355
 PURSUE
    Category > 1       3.126      1.699      1.077      9.070

Latent Class 1 Compared to Latent Class 4

 M1
    Category > 1     209.940    260.741     18.404   2394.908
 M2
    Category > 1   *********      0.000  *********  *********
 M3
    Category > 1   *********      0.000  *********  *********
 M4
    Category > 1      37.632     38.360      5.104    277.481
 DISLIKE
    Category > 1       0.038      0.042      0.004      0.335
 PURSUE
    Category > 1   *********      0.000  *********  *********

Latent Class 2 Compared to Latent Class 3

 M1
    Category > 1   *********      0.000  *********  *********
 M2
    Category > 1       0.855      1.658      0.019     38.237
 M3
    Category > 1       3.151      3.338      0.395     25.138
 M4
    Category > 1   *********      0.000  *********  *********
 DISLIKE
    Category > 1       0.000      0.000      0.000      0.000
 PURSUE
    Category > 1       2.439      2.155      0.432     13.782

Latent Class 2 Compared to Latent Class 4

 M1
    Category > 1   *********      0.000  *********  *********
 M2
    Category > 1   *********      0.000  *********  *********
 M3
    Category > 1   *********      0.000  *********  *********
 M4
    Category > 1       0.474      0.654      0.032      7.086
 DISLIKE
    Category > 1       0.000      0.000      0.000      0.000
 PURSUE
    Category > 1   *********      0.000  *********  *********

Latent Class 3 Compared to Latent Class 4

 M1
    Category > 1       0.000      0.000      0.000      0.000
 M2
    Category > 1   *********      0.000  *********  *********
 M3
    Category > 1   *********      0.000  *********  *********
 M4
    Category > 1       0.000      0.000      0.000      0.000
 DISLIKE
    Category > 1       0.405      0.488      0.038      4.295
 PURSUE
    Category > 1   *********      0.000  *********  *********


TECHNICAL 11 OUTPUT

     Random Starts Specifications for the k-1 Class Analysis Model
        Number of initial stage random starts                  20
        Number of final stage optimizations                     4



     VUONG-LO-MENDELL-RUBIN LIKELIHOOD RATIO TEST FOR 3 (H0) VERSUS 4 CLASSES

          H0 Loglikelihood Value                         -288.381
          2 Times the Loglikelihood Difference              4.586
          Difference in the Number of Parameters                7
          Mean                                              1.514
          Standard Deviation                                2.200
          P-Value                                          0.0790

     LO-MENDELL-RUBIN ADJUSTED LRT TEST

          Value                                             4.449
          P-Value                                          0.0849


TECHNICAL 14 OUTPUT

     Random Starts Specifications for the k-1 Class Analysis Model
        Number of initial stage random starts                  20
        Number of final stage optimizations                     4

     Random Starts Specification for the k-1 Class Model for Generated Data
        Number of initial stage random starts                   0
        Number of final stage optimizations for the
           initial stage random starts                          0
     Random Starts Specification for the k Class Model for Generated Data
        Number of initial stage random starts                  40
        Number of final stage optimizations                     8
     Number of bootstrap draws requested                   Varies


     PARAMETRIC BOOTSTRAPPED LIKELIHOOD RATIO TEST FOR 3 (H0) VERSUS 4 CLASSES

          H0 Loglikelihood Value                         -288.381
          2 Times the Loglikelihood Difference              4.586
          Difference in the Number of Parameters                7
          Approximate P-Value                              1.0000
          Successful Bootstrap Draws                            2


PLOT INFORMATION

The following plots are available:

  Histograms (sample values)
  Scatterplots (sample values)
  Sample proportions and estimated probabilities

     Beginning Time:  23:48:41
        Ending Time:  23:48:41
       Elapsed Time:  00:00:00



MUTHEN & MUTHEN
3463 Stoner Ave.
Los Angeles, CA  90066

Tel: (310) 391-9971
Fax: (310) 391-8971
Web: www.StatModel.com
Support: Support@StatModel.com

Copyright (c) 1998-2024 Muthen & Muthen
